{"/Users/tansuyin/Desktop/group-d/app.js":{"path":"/Users/tansuyin/Desktop/group-d/app.js","statementMap":{"0":{"start":{"line":1,"column":0},"end":{"line":1,"column":26}},"1":{"start":{"line":2,"column":16},"end":{"line":2,"column":34}},"2":{"start":{"line":3,"column":12},"end":{"line":3,"column":21}},"3":{"start":{"line":4,"column":17},"end":{"line":4,"column":36}},"4":{"start":{"line":5,"column":19},"end":{"line":5,"column":41}},"5":{"start":{"line":6,"column":17},"end":{"line":6,"column":36}},"6":{"start":{"line":7,"column":22},"end":{"line":7,"column":47}},"7":{"start":{"line":8,"column":23},"end":{"line":8,"column":49}},"8":{"start":{"line":9,"column":15},"end":{"line":9,"column":33}},"9":{"start":{"line":10,"column":14},"end":{"line":10,"column":38}},"10":{"start":{"line":11,"column":25},"end":{"line":11,"column":53}},"11":{"start":{"line":14,"column":14},"end":{"line":14,"column":39}},"12":{"start":{"line":15,"column":13},"end":{"line":15,"column":37}},"13":{"start":{"line":16,"column":14},"end":{"line":16,"column":39}},"14":{"start":{"line":21,"column":20},"end":{"line":21,"column":45}},"15":{"start":{"line":22,"column":20},"end":{"line":22,"column":46}},"16":{"start":{"line":23,"column":20},"end":{"line":23,"column":46}},"17":{"start":{"line":24,"column":19},"end":{"line":24,"column":44}},"18":{"start":{"line":26,"column":12},"end":{"line":26,"column":49}},"19":{"start":{"line":27,"column":0},"end":{"line":33,"column":1}},"20":{"start":{"line":28,"column":2},"end":{"line":28,"column":61}},"21":{"start":{"line":29,"column":7},"end":{"line":33,"column":1}},"22":{"start":{"line":30,"column":2},"end":{"line":30,"column":133}},"23":{"start":{"line":32,"column":2},"end":{"line":32,"column":57}},"24":{"start":{"line":35,"column":0},"end":{"line":41,"column":1}},"25":{"start":{"line":45,"column":0},"end":{"line":45,"column":37}},"26":{"start":{"line":47,"column":0},"end":{"line":47,"column":49}},"27":{"start":{"line":48,"column":0},"end":{"line":48,"column":27}},"28":{"start":{"line":49,"column":0},"end":{"line":49,"column":35}},"29":{"start":{"line":50,"column":0},"end":{"line":50,"column":16}},"30":{"start":{"line":51,"column":0},"end":{"line":51,"column":35}},"31":{"start":{"line":54,"column":0},"end":{"line":58,"column":4}},"32":{"start":{"line":59,"column":0},"end":{"line":59,"column":31}},"33":{"start":{"line":60,"column":0},"end":{"line":60,"column":28}},"34":{"start":{"line":61,"column":0},"end":{"line":61,"column":53}},"35":{"start":{"line":62,"column":0},"end":{"line":62,"column":45}},"36":{"start":{"line":63,"column":0},"end":{"line":63,"column":49}},"37":{"start":{"line":65,"column":0},"end":{"line":70,"column":3}},"38":{"start":{"line":66,"column":2},"end":{"line":66,"column":36}},"39":{"start":{"line":67,"column":2},"end":{"line":67,"column":40}},"40":{"start":{"line":68,"column":2},"end":{"line":68,"column":44}},"41":{"start":{"line":69,"column":2},"end":{"line":69,"column":9}},"42":{"start":{"line":72,"column":0},"end":{"line":72,"column":30}},"43":{"start":{"line":75,"column":0},"end":{"line":75,"column":25}},"44":{"start":{"line":76,"column":0},"end":{"line":76,"column":31}},"45":{"start":{"line":77,"column":0},"end":{"line":77,"column":42}},"46":{"start":{"line":78,"column":0},"end":{"line":78,"column":37}},"47":{"start":{"line":80,"column":0},"end":{"line":93,"column":1}},"48":{"start":{"line":81,"column":2},"end":{"line":83,"column":4}},"49":{"start":{"line":82,"column":4},"end":{"line":82,"column":32}},"50":{"start":{"line":84,"column":7},"end":{"line":93,"column":1}},"51":{"start":{"line":85,"column":2},"end":{"line":87,"column":4}},"52":{"start":{"line":86,"column":4},"end":{"line":86,"column":32}},"53":{"start":{"line":90,"column":2},"end":{"line":92,"column":4}},"54":{"start":{"line":91,"column":4},"end":{"line":91,"column":32}},"55":{"start":{"line":95,"column":0},"end":{"line":95,"column":20}}},"fnMap":{"0":{"name":"(anonymous_0)","decl":{"start":{"line":65,"column":8},"end":{"line":65,"column":9}},"loc":{"start":{"line":65,"column":32},"end":{"line":70,"column":1}},"line":65},"1":{"name":"(anonymous_1)","decl":{"start":{"line":81,"column":19},"end":{"line":81,"column":20}},"loc":{"start":{"line":81,"column":25},"end":{"line":83,"column":3}},"line":81},"2":{"name":"(anonymous_2)","decl":{"start":{"line":85,"column":19},"end":{"line":85,"column":20}},"loc":{"start":{"line":85,"column":25},"end":{"line":87,"column":3}},"line":85},"3":{"name":"(anonymous_3)","decl":{"start":{"line":90,"column":47},"end":{"line":90,"column":48}},"loc":{"start":{"line":90,"column":53},"end":{"line":92,"column":3}},"line":90}},"branchMap":{"0":{"loc":{"start":{"line":26,"column":12},"end":{"line":26,"column":49}},"type":"binary-expr","locations":[{"start":{"line":26,"column":12},"end":{"line":26,"column":32}},{"start":{"line":26,"column":36},"end":{"line":26,"column":49}}],"line":26},"1":{"loc":{"start":{"line":27,"column":0},"end":{"line":33,"column":1}},"type":"if","locations":[{"start":{"line":27,"column":0},"end":{"line":33,"column":1}},{"start":{"line":27,"column":0},"end":{"line":33,"column":1}}],"line":27},"2":{"loc":{"start":{"line":29,"column":7},"end":{"line":33,"column":1}},"type":"if","locations":[{"start":{"line":29,"column":7},"end":{"line":33,"column":1}},{"start":{"line":29,"column":7},"end":{"line":33,"column":1}}],"line":29},"3":{"loc":{"start":{"line":80,"column":0},"end":{"line":93,"column":1}},"type":"if","locations":[{"start":{"line":80,"column":0},"end":{"line":93,"column":1}},{"start":{"line":80,"column":0},"end":{"line":93,"column":1}}],"line":80},"4":{"loc":{"start":{"line":84,"column":7},"end":{"line":93,"column":1}},"type":"if","locations":[{"start":{"line":84,"column":7},"end":{"line":93,"column":1}},{"start":{"line":84,"column":7},"end":{"line":93,"column":1}}],"line":84}},"s":{"0":1,"1":1,"2":1,"3":1,"4":1,"5":1,"6":1,"7":1,"8":1,"9":1,"10":1,"11":1,"12":1,"13":1,"14":1,"15":1,"16":1,"17":1,"18":1,"19":1,"20":1,"21":0,"22":0,"23":0,"24":1,"25":1,"26":1,"27":1,"28":1,"29":1,"30":1,"31":1,"32":1,"33":1,"34":1,"35":1,"36":1,"37":1,"38":148,"39":148,"40":148,"41":148,"42":1,"43":1,"44":1,"45":1,"46":1,"47":1,"48":0,"49":0,"50":1,"51":1,"52":1,"53":0,"54":0,"55":1},"f":{"0":148,"1":0,"2":1,"3":0},"b":{"0":[1,0],"1":[1,0],"2":[0,0],"3":[0,1],"4":[1,0]},"_coverageSchema":"1a1c01bbd47fc00a2c39e90264f33305004495a9","hash":"de65fa433ee13791a8c167ca5e2e5d9560def9f3","contentHash":"65474eb351c832ce727afccbeabb105b3639ecbcfea9f9ee64df75d77cc8484f"},"/Users/tansuyin/Desktop/group-d/seeds.js":{"path":"/Users/tansuyin/Desktop/group-d/seeds.js","statementMap":{"0":{"start":{"line":1,"column":17},"end":{"line":1,"column":36}},"1":{"start":{"line":2,"column":14},"end":{"line":2,"column":39}},"2":{"start":{"line":3,"column":14},"end":{"line":3,"column":39}},"3":{"start":{"line":4,"column":13},"end":{"line":4,"column":37}},"4":{"start":{"line":6,"column":15},"end":{"line":55,"column":1}},"5":{"start":{"line":58,"column":2},"end":{"line":87,"column":4}},"6":{"start":{"line":59,"column":4},"end":{"line":86,"column":5}},"7":{"start":{"line":60,"column":6},"end":{"line":60,"column":22}},"8":{"start":{"line":62,"column":6},"end":{"line":62,"column":35}},"9":{"start":{"line":63,"column":6},"end":{"line":85,"column":8}},"10":{"start":{"line":64,"column":8},"end":{"line":84,"column":10}},"11":{"start":{"line":65,"column":10},"end":{"line":83,"column":11}},"12":{"start":{"line":66,"column":12},"end":{"line":66,"column":28}},"13":{"start":{"line":68,"column":12},"end":{"line":68,"column":40}},"14":{"start":{"line":69,"column":12},"end":{"line":82,"column":14}},"15":{"start":{"line":70,"column":14},"end":{"line":81,"column":15}},"16":{"start":{"line":71,"column":16},"end":{"line":71,"column":33}},"17":{"start":{"line":73,"column":16},"end":{"line":73,"column":44}},"18":{"start":{"line":74,"column":16},"end":{"line":80,"column":18}},"19":{"start":{"line":75,"column":18},"end":{"line":79,"column":19}},"20":{"start":{"line":76,"column":20},"end":{"line":76,"column":37}},"21":{"start":{"line":78,"column":20},"end":{"line":78,"column":49}},"22":{"start":{"line":140,"column":0},"end":{"line":140,"column":24}}},"fnMap":{"0":{"name":"seedDB","decl":{"start":{"line":57,"column":9},"end":{"line":57,"column":15}},"loc":{"start":{"line":57,"column":18},"end":{"line":88,"column":1}},"line":57},"1":{"name":"(anonymous_1)","decl":{"start":{"line":58,"column":23},"end":{"line":58,"column":24}},"loc":{"start":{"line":58,"column":32},"end":{"line":87,"column":3}},"line":58},"2":{"name":"(anonymous_2)","decl":{"start":{"line":63,"column":21},"end":{"line":63,"column":22}},"loc":{"start":{"line":63,"column":31},"end":{"line":85,"column":7}},"line":63},"3":{"name":"(anonymous_3)","decl":{"start":{"line":64,"column":27},"end":{"line":64,"column":28}},"loc":{"start":{"line":64,"column":43},"end":{"line":84,"column":9}},"line":64},"4":{"name":"(anonymous_4)","decl":{"start":{"line":69,"column":32},"end":{"line":69,"column":33}},"loc":{"start":{"line":69,"column":41},"end":{"line":82,"column":13}},"line":69},"5":{"name":"(anonymous_5)","decl":{"start":{"line":74,"column":37},"end":{"line":74,"column":38}},"loc":{"start":{"line":74,"column":46},"end":{"line":80,"column":17}},"line":74}},"branchMap":{"0":{"loc":{"start":{"line":59,"column":4},"end":{"line":86,"column":5}},"type":"if","locations":[{"start":{"line":59,"column":4},"end":{"line":86,"column":5}},{"start":{"line":59,"column":4},"end":{"line":86,"column":5}}],"line":59},"1":{"loc":{"start":{"line":65,"column":10},"end":{"line":83,"column":11}},"type":"if","locations":[{"start":{"line":65,"column":10},"end":{"line":83,"column":11}},{"start":{"line":65,"column":10},"end":{"line":83,"column":11}}],"line":65},"2":{"loc":{"start":{"line":70,"column":14},"end":{"line":81,"column":15}},"type":"if","locations":[{"start":{"line":70,"column":14},"end":{"line":81,"column":15}},{"start":{"line":70,"column":14},"end":{"line":81,"column":15}}],"line":70},"3":{"loc":{"start":{"line":75,"column":18},"end":{"line":79,"column":19}},"type":"if","locations":[{"start":{"line":75,"column":18},"end":{"line":79,"column":19}},{"start":{"line":75,"column":18},"end":{"line":79,"column":19}}],"line":75}},"s":{"0":1,"1":1,"2":1,"3":1,"4":1,"5":0,"6":0,"7":0,"8":0,"9":0,"10":0,"11":0,"12":0,"13":0,"14":0,"15":0,"16":0,"17":0,"18":0,"19":0,"20":0,"21":0,"22":1},"f":{"0":0,"1":0,"2":0,"3":0,"4":0,"5":0},"b":{"0":[0,0],"1":[0,0],"2":[0,0],"3":[0,0]},"_coverageSchema":"1a1c01bbd47fc00a2c39e90264f33305004495a9","hash":"dbed453fd29fca8b25aaaf053013ee04df826a92","contentHash":"d06fc4e689e4ffa7eaa2b1d723c64938198b6abff45a47ec39f49e2c906b6a0c"},"/Users/tansuyin/Desktop/group-d/models/event.js":{"path":"/Users/tansuyin/Desktop/group-d/models/event.js","statementMap":{"0":{"start":{"line":1,"column":17},"end":{"line":1,"column":36}},"1":{"start":{"line":2,"column":24},"end":{"line":2,"column":60}},"2":{"start":{"line":4,"column":20},"end":{"line":34,"column":2}},"3":{"start":{"line":36,"column":0},"end":{"line":36,"column":36}},"4":{"start":{"line":38,"column":0},"end":{"line":38,"column":54}}},"fnMap":{},"branchMap":{},"s":{"0":1,"1":1,"2":1,"3":1,"4":1},"f":{},"b":{},"_coverageSchema":"1a1c01bbd47fc00a2c39e90264f33305004495a9","hash":"deb6528d6920b3da24cb88b801fbceebeee06142","contentHash":"4684a791389fdede832cc1db1fac3b595877ea63787da0977bbd96d6e1395466"},"/Users/tansuyin/Desktop/group-d/models/group.js":{"path":"/Users/tansuyin/Desktop/group-d/models/group.js","statementMap":{"0":{"start":{"line":1,"column":17},"end":{"line":1,"column":36}},"1":{"start":{"line":3,"column":20},"end":{"line":51,"column":2}},"2":{"start":{"line":53,"column":0},"end":{"line":53,"column":53}}},"fnMap":{},"branchMap":{},"s":{"0":1,"1":1,"2":1},"f":{},"b":{},"_coverageSchema":"1a1c01bbd47fc00a2c39e90264f33305004495a9","hash":"6c535408995f4577100c94bd349ed3719b941ad7","contentHash":"dc8851d9165e6e2484bf28ff1a5438a22d1cfd1daa03dd160078f70f855c6a0b"},"/Users/tansuyin/Desktop/group-d/models/user.js":{"path":"/Users/tansuyin/Desktop/group-d/models/user.js","statementMap":{"0":{"start":{"line":1,"column":17},"end":{"line":1,"column":36}},"1":{"start":{"line":2,"column":30},"end":{"line":2,"column":64}},"2":{"start":{"line":3,"column":24},"end":{"line":3,"column":60}},"3":{"start":{"line":5,"column":19},"end":{"line":24,"column":2}},"4":{"start":{"line":26,"column":0},"end":{"line":26,"column":40}},"5":{"start":{"line":27,"column":0},"end":{"line":27,"column":101}},"6":{"start":{"line":30,"column":0},"end":{"line":30,"column":51}}},"fnMap":{},"branchMap":{},"s":{"0":1,"1":1,"2":1,"3":1,"4":1,"5":1,"6":1},"f":{},"b":{},"_coverageSchema":"1a1c01bbd47fc00a2c39e90264f33305004495a9","hash":"781ccb1a084c42711caaefef5b217fab8092e2fb","contentHash":"dac54d2c6b851ffafc058abfd775e5470099d7997af36a91607ffac0ca98fcdb"},"/Users/tansuyin/Desktop/group-d/routes/index.js":{"path":"/Users/tansuyin/Desktop/group-d/routes/index.js","statementMap":{"0":{"start":{"line":1,"column":16},"end":{"line":1,"column":34}},"1":{"start":{"line":2,"column":15},"end":{"line":2,"column":31}},"2":{"start":{"line":3,"column":17},"end":{"line":3,"column":36}},"3":{"start":{"line":4,"column":13},"end":{"line":4,"column":38}},"4":{"start":{"line":5,"column":15},"end":{"line":5,"column":32}},"5":{"start":{"line":6,"column":13},"end":{"line":6,"column":28}},"6":{"start":{"line":7,"column":15},"end":{"line":7,"column":35}},"7":{"start":{"line":13,"column":16},"end":{"line":19,"column":2}},"8":{"start":{"line":17,"column":6},"end":{"line":17,"column":83}},"9":{"start":{"line":21,"column":15},"end":{"line":29,"column":17}},"10":{"start":{"line":27,"column":6},"end":{"line":27,"column":36}},"11":{"start":{"line":33,"column":0},"end":{"line":35,"column":3}},"12":{"start":{"line":34,"column":4},"end":{"line":34,"column":26}},"13":{"start":{"line":38,"column":0},"end":{"line":43,"column":5}},"14":{"start":{"line":39,"column":4},"end":{"line":42,"column":7}},"15":{"start":{"line":46,"column":0},"end":{"line":86,"column":3}},"16":{"start":{"line":47,"column":2},"end":{"line":85,"column":3}},"17":{"start":{"line":48,"column":4},"end":{"line":83,"column":7}},"18":{"start":{"line":49,"column":6},"end":{"line":52,"column":8}},"19":{"start":{"line":55,"column":8},"end":{"line":73,"column":9}},"20":{"start":{"line":56,"column":10},"end":{"line":63,"column":15}},"21":{"start":{"line":65,"column":10},"end":{"line":72,"column":15}},"22":{"start":{"line":74,"column":8},"end":{"line":82,"column":11}},"23":{"start":{"line":75,"column":10},"end":{"line":81,"column":13}},"24":{"start":{"line":76,"column":12},"end":{"line":76,"column":74}},"25":{"start":{"line":78,"column":10},"end":{"line":81,"column":12}},"26":{"start":{"line":79,"column":12},"end":{"line":79,"column":64}},"27":{"start":{"line":80,"column":12},"end":{"line":80,"column":36}},"28":{"start":{"line":177,"column":0},"end":{"line":179,"column":3}},"29":{"start":{"line":178,"column":2},"end":{"line":178,"column":29}},"30":{"start":{"line":182,"column":0},"end":{"line":188,"column":3}},"31":{"start":{"line":191,"column":0},"end":{"line":195,"column":3}},"32":{"start":{"line":192,"column":2},"end":{"line":192,"column":15}},"33":{"start":{"line":193,"column":2},"end":{"line":193,"column":50}},"34":{"start":{"line":194,"column":2},"end":{"line":194,"column":20}},"35":{"start":{"line":197,"column":0},"end":{"line":197,"column":23}}},"fnMap":{"0":{"name":"(anonymous_0)","decl":{"start":{"line":15,"column":12},"end":{"line":15,"column":13}},"loc":{"start":{"line":15,"column":36},"end":{"line":18,"column":3}},"line":15},"1":{"name":"(anonymous_1)","decl":{"start":{"line":26,"column":14},"end":{"line":26,"column":15}},"loc":{"start":{"line":26,"column":38},"end":{"line":28,"column":3}},"line":26},"2":{"name":"(anonymous_2)","decl":{"start":{"line":33,"column":16},"end":{"line":33,"column":17}},"loc":{"start":{"line":33,"column":30},"end":{"line":35,"column":1}},"line":33},"3":{"name":"(anonymous_3)","decl":{"start":{"line":38,"column":24},"end":{"line":38,"column":25}},"loc":{"start":{"line":38,"column":42},"end":{"line":43,"column":3}},"line":38},"4":{"name":"(anonymous_4)","decl":{"start":{"line":46,"column":24},"end":{"line":46,"column":25}},"loc":{"start":{"line":46,"column":42},"end":{"line":86,"column":1}},"line":46},"5":{"name":"(anonymous_5)","decl":{"start":{"line":47,"column":19},"end":{"line":47,"column":20}},"loc":{"start":{"line":47,"column":28},"end":{"line":84,"column":5}},"line":47},"6":{"name":"(anonymous_6)","decl":{"start":{"line":74,"column":50},"end":{"line":74,"column":51}},"loc":{"start":{"line":74,"column":69},"end":{"line":82,"column":9}},"line":74},"7":{"name":"(anonymous_7)","decl":{"start":{"line":78,"column":51},"end":{"line":78,"column":52}},"loc":{"start":{"line":78,"column":61},"end":{"line":81,"column":11}},"line":78},"8":{"name":"(anonymous_8)","decl":{"start":{"line":177,"column":21},"end":{"line":177,"column":22}},"loc":{"start":{"line":177,"column":39},"end":{"line":179,"column":1}},"line":177},"9":{"name":"(anonymous_9)","decl":{"start":{"line":187,"column":6},"end":{"line":187,"column":7}},"loc":{"start":{"line":187,"column":24},"end":{"line":188,"column":1}},"line":187},"10":{"name":"(anonymous_10)","decl":{"start":{"line":191,"column":22},"end":{"line":191,"column":23}},"loc":{"start":{"line":191,"column":40},"end":{"line":195,"column":1}},"line":191}},"branchMap":{"0":{"loc":{"start":{"line":48,"column":4},"end":{"line":83,"column":7}},"type":"if","locations":[{"start":{"line":48,"column":4},"end":{"line":83,"column":7}},{"start":{"line":48,"column":4},"end":{"line":83,"column":7}}],"line":48},"1":{"loc":{"start":{"line":55,"column":8},"end":{"line":73,"column":9}},"type":"if","locations":[{"start":{"line":55,"column":8},"end":{"line":73,"column":9}},{"start":{"line":55,"column":8},"end":{"line":73,"column":9}}],"line":55},"2":{"loc":{"start":{"line":75,"column":10},"end":{"line":81,"column":13}},"type":"if","locations":[{"start":{"line":75,"column":10},"end":{"line":81,"column":13}},{"start":{"line":75,"column":10},"end":{"line":81,"column":13}}],"line":75}},"s":{"0":1,"1":1,"2":1,"3":1,"4":1,"5":1,"6":1,"7":1,"8":3,"9":1,"10":4,"11":1,"12":37,"13":1,"14":2,"15":1,"16":7,"17":7,"18":1,"19":6,"20":3,"21":3,"22":6,"23":6,"24":1,"25":5,"26":5,"27":5,"28":1,"29":21,"30":1,"31":1,"32":4,"33":4,"34":4,"35":1},"f":{"0":3,"1":4,"2":37,"3":2,"4":7,"5":7,"6":6,"7":5,"8":21,"9":0,"10":4},"b":{"0":[1,6],"1":[3,3],"2":[1,5]},"_coverageSchema":"1a1c01bbd47fc00a2c39e90264f33305004495a9","hash":"0fef10581128390c206237a12482a4bb6d516483","contentHash":"fdc46fefa284dde56f41ddd8f53f86416a7ccd61bd65e7e924ad5cd7f37c0a3c"},"/Users/tansuyin/Desktop/group-d/helper/index.js":{"path":"/Users/tansuyin/Desktop/group-d/helper/index.js","statementMap":{"0":{"start":{"line":1,"column":14},"end":{"line":1,"column":40}},"1":{"start":{"line":2,"column":14},"end":{"line":2,"column":40}},"2":{"start":{"line":3,"column":13},"end":{"line":3,"column":38}},"3":{"start":{"line":4,"column":21},"end":{"line":4,"column":54}},"4":{"start":{"line":6,"column":13},"end":{"line":6,"column":28}},"5":{"start":{"line":9,"column":16},"end":{"line":9,"column":18}},"6":{"start":{"line":11,"column":0},"end":{"line":21,"column":1}},"7":{"start":{"line":12,"column":4},"end":{"line":20,"column":6}},"8":{"start":{"line":13,"column":8},"end":{"line":19,"column":10}},"9":{"start":{"line":14,"column":12},"end":{"line":18,"column":13}},"10":{"start":{"line":15,"column":16},"end":{"line":15,"column":34}},"11":{"start":{"line":17,"column":16},"end":{"line":17,"column":60}},"12":{"start":{"line":17,"column":50},"end":{"line":17,"column":58}},"13":{"start":{"line":23,"column":0},"end":{"line":33,"column":1}},"14":{"start":{"line":24,"column":4},"end":{"line":32,"column":6}},"15":{"start":{"line":25,"column":8},"end":{"line":31,"column":10}},"16":{"start":{"line":26,"column":12},"end":{"line":30,"column":13}},"17":{"start":{"line":27,"column":16},"end":{"line":27,"column":34}},"18":{"start":{"line":29,"column":16},"end":{"line":29,"column":62}},"19":{"start":{"line":29,"column":52},"end":{"line":29,"column":60}},"20":{"start":{"line":36,"column":0},"end":{"line":58,"column":1}},"21":{"start":{"line":39,"column":4},"end":{"line":57,"column":6}},"22":{"start":{"line":40,"column":17},"end":{"line":40,"column":19}},"23":{"start":{"line":41,"column":8},"end":{"line":56,"column":10}},"24":{"start":{"line":42,"column":12},"end":{"line":55,"column":13}},"25":{"start":{"line":43,"column":16},"end":{"line":43,"column":27}},"26":{"start":{"line":45,"column":16},"end":{"line":53,"column":17}},"27":{"start":{"line":46,"column":20},"end":{"line":52,"column":21}},"28":{"start":{"line":51,"column":28},"end":{"line":51,"column":44}},"29":{"start":{"line":54,"column":16},"end":{"line":54,"column":27}},"30":{"start":{"line":61,"column":0},"end":{"line":66,"column":1}},"31":{"start":{"line":62,"column":14},"end":{"line":62,"column":16}},"32":{"start":{"line":63,"column":4},"end":{"line":63,"column":23}},"33":{"start":{"line":64,"column":4},"end":{"line":64,"column":23}},"34":{"start":{"line":65,"column":4},"end":{"line":65,"column":14}},"35":{"start":{"line":68,"column":0},"end":{"line":84,"column":1}},"36":{"start":{"line":69,"column":4},"end":{"line":83,"column":6}},"37":{"start":{"line":70,"column":8},"end":{"line":82,"column":10}},"38":{"start":{"line":71,"column":12},"end":{"line":81,"column":13}},"39":{"start":{"line":72,"column":16},"end":{"line":72,"column":27}},"40":{"start":{"line":74,"column":16},"end":{"line":80,"column":17}},"41":{"start":{"line":75,"column":36},"end":{"line":75,"column":43}},"42":{"start":{"line":76,"column":20},"end":{"line":79,"column":21}},"43":{"start":{"line":77,"column":39},"end":{"line":77,"column":79}},"44":{"start":{"line":78,"column":24},"end":{"line":78,"column":39}},"45":{"start":{"line":87,"column":0},"end":{"line":91,"column":1}},"46":{"start":{"line":88,"column":4},"end":{"line":88,"column":21}},"47":{"start":{"line":89,"column":4},"end":{"line":89,"column":21}},"48":{"start":{"line":90,"column":4},"end":{"line":90,"column":14}},"49":{"start":{"line":93,"column":0},"end":{"line":110,"column":1}},"50":{"start":{"line":94,"column":4},"end":{"line":109,"column":6}},"51":{"start":{"line":95,"column":8},"end":{"line":108,"column":10}},"52":{"start":{"line":96,"column":12},"end":{"line":107,"column":13}},"53":{"start":{"line":97,"column":16},"end":{"line":97,"column":27}},"54":{"start":{"line":99,"column":16},"end":{"line":106,"column":18}},"55":{"start":{"line":100,"column":20},"end":{"line":105,"column":21}},"56":{"start":{"line":101,"column":20},"end":{"line":101,"column":31}},"57":{"start":{"line":103,"column":39},"end":{"line":103,"column":90}},"58":{"start":{"line":104,"column":24},"end":{"line":104,"column":39}},"59":{"start":{"line":112,"column":0},"end":{"line":125,"column":1}},"60":{"start":{"line":115,"column":22},"end":{"line":115,"column":40}},"61":{"start":{"line":117,"column":20},"end":{"line":117,"column":81}},"62":{"start":{"line":119,"column":21},"end":{"line":119,"column":50}},"63":{"start":{"line":120,"column":4},"end":{"line":124,"column":5}},"64":{"start":{"line":121,"column":8},"end":{"line":121,"column":29}},"65":{"start":{"line":123,"column":8},"end":{"line":123,"column":39}},"66":{"start":{"line":127,"column":0},"end":{"line":129,"column":1}},"67":{"start":{"line":128,"column":4},"end":{"line":128,"column":60}},"68":{"start":{"line":131,"column":0},"end":{"line":133,"column":1}},"69":{"start":{"line":132,"column":4},"end":{"line":132,"column":43}},"70":{"start":{"line":135,"column":0},"end":{"line":145,"column":1}},"71":{"start":{"line":136,"column":4},"end":{"line":144,"column":6}},"72":{"start":{"line":137,"column":8},"end":{"line":143,"column":8}},"73":{"start":{"line":138,"column":8},"end":{"line":142,"column":9}},"74":{"start":{"line":139,"column":10},"end":{"line":139,"column":21}},"75":{"start":{"line":141,"column":10},"end":{"line":141,"column":24}},"76":{"start":{"line":147,"column":0},"end":{"line":147,"column":27}}},"fnMap":{"0":{"name":"(anonymous_0)","decl":{"start":{"line":11,"column":24},"end":{"line":11,"column":25}},"loc":{"start":{"line":11,"column":42},"end":{"line":21,"column":1}},"line":11},"1":{"name":"(anonymous_1)","decl":{"start":{"line":12,"column":23},"end":{"line":12,"column":24}},"loc":{"start":{"line":12,"column":44},"end":{"line":20,"column":5}},"line":12},"2":{"name":"(anonymous_2)","decl":{"start":{"line":13,"column":55},"end":{"line":13,"column":56}},"loc":{"start":{"line":13,"column":71},"end":{"line":19,"column":9}},"line":13},"3":{"name":"(anonymous_3)","decl":{"start":{"line":17,"column":40},"end":{"line":17,"column":41}},"loc":{"start":{"line":17,"column":50},"end":{"line":17,"column":58}},"line":17},"4":{"name":"(anonymous_4)","decl":{"start":{"line":23,"column":26},"end":{"line":23,"column":27}},"loc":{"start":{"line":23,"column":44},"end":{"line":33,"column":1}},"line":23},"5":{"name":"(anonymous_5)","decl":{"start":{"line":24,"column":23},"end":{"line":24,"column":24}},"loc":{"start":{"line":24,"column":44},"end":{"line":32,"column":5}},"line":24},"6":{"name":"(anonymous_6)","decl":{"start":{"line":25,"column":57},"end":{"line":25,"column":58}},"loc":{"start":{"line":25,"column":73},"end":{"line":31,"column":9}},"line":25},"7":{"name":"(anonymous_7)","decl":{"start":{"line":29,"column":42},"end":{"line":29,"column":43}},"loc":{"start":{"line":29,"column":52},"end":{"line":29,"column":60}},"line":29},"8":{"name":"(anonymous_8)","decl":{"start":{"line":36,"column":24},"end":{"line":36,"column":25}},"loc":{"start":{"line":36,"column":41},"end":{"line":58,"column":1}},"line":36},"9":{"name":"(anonymous_9)","decl":{"start":{"line":39,"column":23},"end":{"line":39,"column":24}},"loc":{"start":{"line":39,"column":44},"end":{"line":57,"column":5}},"line":39},"10":{"name":"(anonymous_10)","decl":{"start":{"line":41,"column":81},"end":{"line":41,"column":82}},"loc":{"start":{"line":41,"column":98},"end":{"line":56,"column":9}},"line":41},"11":{"name":"(anonymous_11)","decl":{"start":{"line":61,"column":25},"end":{"line":61,"column":26}},"loc":{"start":{"line":61,"column":52},"end":{"line":66,"column":1}},"line":61},"12":{"name":"(anonymous_12)","decl":{"start":{"line":68,"column":21},"end":{"line":68,"column":22}},"loc":{"start":{"line":68,"column":39},"end":{"line":84,"column":1}},"line":68},"13":{"name":"(anonymous_13)","decl":{"start":{"line":69,"column":23},"end":{"line":69,"column":24}},"loc":{"start":{"line":69,"column":44},"end":{"line":83,"column":5}},"line":69},"14":{"name":"(anonymous_14)","decl":{"start":{"line":70,"column":36},"end":{"line":70,"column":37}},"loc":{"start":{"line":70,"column":53},"end":{"line":82,"column":9}},"line":70},"15":{"name":"(anonymous_15)","decl":{"start":{"line":87,"column":25},"end":{"line":87,"column":26}},"loc":{"start":{"line":87,"column":53},"end":{"line":91,"column":1}},"line":87},"16":{"name":"(anonymous_16)","decl":{"start":{"line":93,"column":29},"end":{"line":93,"column":30}},"loc":{"start":{"line":93,"column":43},"end":{"line":110,"column":1}},"line":93},"17":{"name":"(anonymous_17)","decl":{"start":{"line":94,"column":23},"end":{"line":94,"column":24}},"loc":{"start":{"line":94,"column":44},"end":{"line":109,"column":5}},"line":94},"18":{"name":"(anonymous_18)","decl":{"start":{"line":95,"column":34},"end":{"line":95,"column":35}},"loc":{"start":{"line":95,"column":55},"end":{"line":108,"column":9}},"line":95},"19":{"name":"(anonymous_19)","decl":{"start":{"line":99,"column":42},"end":{"line":99,"column":43}},"loc":{"start":{"line":99,"column":63},"end":{"line":106,"column":17}},"line":99},"20":{"name":"(anonymous_20)","decl":{"start":{"line":112,"column":26},"end":{"line":112,"column":27}},"loc":{"start":{"line":112,"column":45},"end":{"line":125,"column":1}},"line":112},"21":{"name":"(anonymous_21)","decl":{"start":{"line":127,"column":24},"end":{"line":127,"column":25}},"loc":{"start":{"line":127,"column":39},"end":{"line":129,"column":1}},"line":127},"22":{"name":"(anonymous_22)","decl":{"start":{"line":131,"column":27},"end":{"line":131,"column":28}},"loc":{"start":{"line":131,"column":51},"end":{"line":133,"column":1}},"line":131},"23":{"name":"(anonymous_23)","decl":{"start":{"line":135,"column":21},"end":{"line":135,"column":22}},"loc":{"start":{"line":135,"column":39},"end":{"line":145,"column":1}},"line":135},"24":{"name":"(anonymous_24)","decl":{"start":{"line":136,"column":23},"end":{"line":136,"column":24}},"loc":{"start":{"line":136,"column":44},"end":{"line":144,"column":5}},"line":136},"25":{"name":"(anonymous_25)","decl":{"start":{"line":137,"column":80},"end":{"line":137,"column":81}},"loc":{"start":{"line":137,"column":96},"end":{"line":143,"column":7}},"line":137}},"branchMap":{"0":{"loc":{"start":{"line":14,"column":12},"end":{"line":18,"column":13}},"type":"if","locations":[{"start":{"line":14,"column":12},"end":{"line":18,"column":13}},{"start":{"line":14,"column":12},"end":{"line":18,"column":13}}],"line":14},"1":{"loc":{"start":{"line":26,"column":12},"end":{"line":30,"column":13}},"type":"if","locations":[{"start":{"line":26,"column":12},"end":{"line":30,"column":13}},{"start":{"line":26,"column":12},"end":{"line":30,"column":13}}],"line":26},"2":{"loc":{"start":{"line":42,"column":12},"end":{"line":55,"column":13}},"type":"if","locations":[{"start":{"line":42,"column":12},"end":{"line":55,"column":13}},{"start":{"line":42,"column":12},"end":{"line":55,"column":13}}],"line":42},"3":{"loc":{"start":{"line":46,"column":20},"end":{"line":52,"column":21}},"type":"if","locations":[{"start":{"line":46,"column":20},"end":{"line":52,"column":21}},{"start":{"line":46,"column":20},"end":{"line":52,"column":21}}],"line":46},"4":{"loc":{"start":{"line":46,"column":23},"end":{"line":50,"column":51}},"type":"binary-expr","locations":[{"start":{"line":46,"column":23},"end":{"line":46,"column":51}},{"start":{"line":47,"column":26},"end":{"line":47,"column":55}},{"start":{"line":48,"column":26},"end":{"line":48,"column":52}},{"start":{"line":49,"column":26},"end":{"line":49,"column":54}},{"start":{"line":50,"column":26},"end":{"line":50,"column":51}}],"line":46},"5":{"loc":{"start":{"line":71,"column":12},"end":{"line":81,"column":13}},"type":"if","locations":[{"start":{"line":71,"column":12},"end":{"line":81,"column":13}},{"start":{"line":71,"column":12},"end":{"line":81,"column":13}}],"line":71},"6":{"loc":{"start":{"line":76,"column":20},"end":{"line":79,"column":21}},"type":"if","locations":[{"start":{"line":76,"column":20},"end":{"line":79,"column":21}},{"start":{"line":76,"column":20},"end":{"line":79,"column":21}}],"line":76},"7":{"loc":{"start":{"line":96,"column":12},"end":{"line":107,"column":13}},"type":"if","locations":[{"start":{"line":96,"column":12},"end":{"line":107,"column":13}},{"start":{"line":96,"column":12},"end":{"line":107,"column":13}}],"line":96},"8":{"loc":{"start":{"line":100,"column":20},"end":{"line":105,"column":21}},"type":"if","locations":[{"start":{"line":100,"column":20},"end":{"line":105,"column":21}},{"start":{"line":100,"column":20},"end":{"line":105,"column":21}}],"line":100},"9":{"loc":{"start":{"line":120,"column":4},"end":{"line":124,"column":5}},"type":"if","locations":[{"start":{"line":120,"column":4},"end":{"line":124,"column":5}},{"start":{"line":120,"column":4},"end":{"line":124,"column":5}}],"line":120},"10":{"loc":{"start":{"line":120,"column":8},"end":{"line":120,"column":27}},"type":"binary-expr","locations":[{"start":{"line":120,"column":8},"end":{"line":120,"column":15}},{"start":{"line":120,"column":19},"end":{"line":120,"column":27}}],"line":120},"11":{"loc":{"start":{"line":138,"column":8},"end":{"line":142,"column":9}},"type":"if","locations":[{"start":{"line":138,"column":8},"end":{"line":142,"column":9}},{"start":{"line":138,"column":8},"end":{"line":142,"column":9}}],"line":138}},"s":{"0":1,"1":1,"2":1,"3":1,"4":1,"5":1,"6":1,"7":4,"8":4,"9":4,"10":0,"11":4,"12":4,"13":1,"14":4,"15":4,"16":4,"17":0,"18":4,"19":4,"20":1,"21":3,"22":3,"23":3,"24":3,"25":0,"26":3,"27":9,"28":7,"29":3,"30":1,"31":2,"32":2,"33":2,"34":2,"35":1,"36":1,"37":1,"38":1,"39":0,"40":1,"41":1,"42":1,"43":1,"44":1,"45":1,"46":2,"47":2,"48":2,"49":1,"50":1,"51":1,"52":1,"53":0,"54":1,"55":1,"56":0,"57":1,"58":1,"59":1,"60":4,"61":4,"62":4,"63":4,"64":3,"65":1,"66":1,"67":17,"68":1,"69":16,"70":1,"71":1,"72":1,"73":1,"74":0,"75":1,"76":1},"f":{"0":4,"1":4,"2":4,"3":4,"4":4,"5":4,"6":4,"7":4,"8":3,"9":3,"10":3,"11":2,"12":1,"13":1,"14":1,"15":2,"16":1,"17":1,"18":1,"19":1,"20":4,"21":17,"22":16,"23":1,"24":1,"25":1},"b":{"0":[0,4],"1":[0,4],"2":[0,3],"3":[7,2],"4":[9,8,7,4,3],"5":[0,1],"6":[1,0],"7":[0,1],"8":[0,1],"9":[3,1],"10":[4,3],"11":[0,1]},"_coverageSchema":"1a1c01bbd47fc00a2c39e90264f33305004495a9","hash":"ca7520a3f5061baaa0eca8182b319b108c67d013","contentHash":"3fb2c3a2e9de4e7f8fd52f10d7ba3d593b515320ba05e172b21a3ed20b6215eb"},"/Users/tansuyin/Desktop/group-d/models/notification.js":{"path":"/Users/tansuyin/Desktop/group-d/models/notification.js","statementMap":{"0":{"start":{"line":1,"column":17},"end":{"line":1,"column":36}},"1":{"start":{"line":3,"column":27},"end":{"line":14,"column":2}},"2":{"start":{"line":16,"column":0},"end":{"line":16,"column":67}}},"fnMap":{},"branchMap":{},"s":{"0":1,"1":1,"2":1},"f":{},"b":{},"_coverageSchema":"1a1c01bbd47fc00a2c39e90264f33305004495a9","hash":"44a1eb7329ad1c76338fdce7425dfb0c06fe7179","contentHash":"e0a375ae6851a84c0ace5ad08241f904198dbf4749697b5b0d80bf85d17ff01d"},"/Users/tansuyin/Desktop/group-d/routes/events.js":{"path":"/Users/tansuyin/Desktop/group-d/routes/events.js","statementMap":{"0":{"start":{"line":1,"column":16},"end":{"line":1,"column":34}},"1":{"start":{"line":2,"column":15},"end":{"line":2,"column":31}},"2":{"start":{"line":3,"column":14},"end":{"line":3,"column":40}},"3":{"start":{"line":4,"column":19},"end":{"line":4,"column":43}},"4":{"start":{"line":5,"column":15},"end":{"line":5,"column":35}},"5":{"start":{"line":6,"column":18},"end":{"line":6,"column":38}},"6":{"start":{"line":9,"column":0},"end":{"line":63,"column":3}},"7":{"start":{"line":11,"column":2},"end":{"line":62,"column":3}},"8":{"start":{"line":12,"column":4},"end":{"line":32,"column":5}},"9":{"start":{"line":13,"column":20},"end":{"line":13,"column":74}},"10":{"start":{"line":14,"column":6},"end":{"line":21,"column":9}},"11":{"start":{"line":15,"column":10},"end":{"line":20,"column":11}},"12":{"start":{"line":16,"column":14},"end":{"line":16,"column":68}},"13":{"start":{"line":17,"column":14},"end":{"line":17,"column":34}},"14":{"start":{"line":19,"column":14},"end":{"line":19,"column":116}},"15":{"start":{"line":23,"column":20},"end":{"line":23,"column":74}},"16":{"start":{"line":24,"column":6},"end":{"line":31,"column":8}},"17":{"start":{"line":25,"column":8},"end":{"line":30,"column":9}},"18":{"start":{"line":26,"column":12},"end":{"line":26,"column":66}},"19":{"start":{"line":27,"column":12},"end":{"line":27,"column":32}},"20":{"start":{"line":29,"column":12},"end":{"line":29,"column":114}},"21":{"start":{"line":33,"column":9},"end":{"line":62,"column":3}},"22":{"start":{"line":34,"column":4},"end":{"line":52,"column":5}},"23":{"start":{"line":35,"column":6},"end":{"line":42,"column":9}},"24":{"start":{"line":36,"column":10},"end":{"line":41,"column":11}},"25":{"start":{"line":37,"column":14},"end":{"line":37,"column":68}},"26":{"start":{"line":38,"column":14},"end":{"line":38,"column":34}},"27":{"start":{"line":40,"column":14},"end":{"line":40,"column":99}},"28":{"start":{"line":44,"column":6},"end":{"line":51,"column":8}},"29":{"start":{"line":45,"column":8},"end":{"line":50,"column":9}},"30":{"start":{"line":46,"column":12},"end":{"line":46,"column":66}},"31":{"start":{"line":47,"column":12},"end":{"line":47,"column":32}},"32":{"start":{"line":49,"column":12},"end":{"line":49,"column":114}},"33":{"start":{"line":54,"column":4},"end":{"line":61,"column":7}},"34":{"start":{"line":55,"column":8},"end":{"line":60,"column":9}},"35":{"start":{"line":56,"column":12},"end":{"line":56,"column":66}},"36":{"start":{"line":57,"column":12},"end":{"line":57,"column":32}},"37":{"start":{"line":59,"column":12},"end":{"line":59,"column":88}},"38":{"start":{"line":66,"column":0},"end":{"line":68,"column":3}},"39":{"start":{"line":67,"column":4},"end":{"line":67,"column":53}},"40":{"start":{"line":71,"column":0},"end":{"line":99,"column":2}},"41":{"start":{"line":72,"column":21},"end":{"line":72,"column":56}},"42":{"start":{"line":73,"column":6},"end":{"line":98,"column":7}},"43":{"start":{"line":74,"column":8},"end":{"line":74,"column":92}},"44":{"start":{"line":76,"column":8},"end":{"line":76,"column":63}},"45":{"start":{"line":77,"column":8},"end":{"line":77,"column":61}},"46":{"start":{"line":78,"column":8},"end":{"line":78,"column":63}},"47":{"start":{"line":79,"column":8},"end":{"line":79,"column":41}},"48":{"start":{"line":80,"column":8},"end":{"line":80,"column":79}},"49":{"start":{"line":81,"column":8},"end":{"line":81,"column":67}},"50":{"start":{"line":82,"column":23},"end":{"line":85,"column":9}},"51":{"start":{"line":86,"column":8},"end":{"line":97,"column":10}},"52":{"start":{"line":87,"column":10},"end":{"line":96,"column":11}},"53":{"start":{"line":88,"column":14},"end":{"line":88,"column":30}},"54":{"start":{"line":89,"column":14},"end":{"line":89,"column":71}},"55":{"start":{"line":90,"column":14},"end":{"line":90,"column":37}},"56":{"start":{"line":92,"column":14},"end":{"line":92,"column":35}},"57":{"start":{"line":93,"column":14},"end":{"line":93,"column":26}},"58":{"start":{"line":94,"column":14},"end":{"line":94,"column":107}},"59":{"start":{"line":95,"column":14},"end":{"line":95,"column":38}},"60":{"start":{"line":102,"column":0},"end":{"line":132,"column":2}},"61":{"start":{"line":103,"column":2},"end":{"line":131,"column":5}},"62":{"start":{"line":104,"column":4},"end":{"line":131,"column":3}},"63":{"start":{"line":105,"column":6},"end":{"line":105,"column":60}},"64":{"start":{"line":106,"column":6},"end":{"line":106,"column":29}},"65":{"start":{"line":108,"column":19},"end":{"line":108,"column":55}},"66":{"start":{"line":112,"column":6},"end":{"line":130,"column":41}},"67":{"start":{"line":112,"column":38},"end":{"line":112,"column":63}},"68":{"start":{"line":114,"column":8},"end":{"line":114,"column":30}},"69":{"start":{"line":116,"column":21},"end":{"line":116,"column":82}},"70":{"start":{"line":116,"column":53},"end":{"line":116,"column":80}},"71":{"start":{"line":117,"column":6},"end":{"line":117,"column":17}},"72":{"start":{"line":119,"column":8},"end":{"line":119,"column":32}},"73":{"start":{"line":120,"column":8},"end":{"line":120,"column":62}},"74":{"start":{"line":120,"column":44},"end":{"line":120,"column":61}},"75":{"start":{"line":121,"column":8},"end":{"line":121,"column":66}},"76":{"start":{"line":121,"column":48},"end":{"line":121,"column":65}},"77":{"start":{"line":123,"column":8},"end":{"line":129,"column":10}},"78":{"start":{"line":130,"column":24},"end":{"line":130,"column":40}},"79":{"start":{"line":135,"column":0},"end":{"line":144,"column":2}},"80":{"start":{"line":136,"column":2},"end":{"line":143,"column":4}},"81":{"start":{"line":137,"column":4},"end":{"line":142,"column":5}},"82":{"start":{"line":138,"column":6},"end":{"line":138,"column":60}},"83":{"start":{"line":139,"column":6},"end":{"line":139,"column":29}},"84":{"start":{"line":141,"column":6},"end":{"line":141,"column":76}},"85":{"start":{"line":147,"column":0},"end":{"line":168,"column":2}},"86":{"start":{"line":148,"column":2},"end":{"line":148,"column":57}},"87":{"start":{"line":149,"column":2},"end":{"line":149,"column":55}},"88":{"start":{"line":150,"column":2},"end":{"line":150,"column":57}},"89":{"start":{"line":151,"column":2},"end":{"line":151,"column":35}},"90":{"start":{"line":152,"column":2},"end":{"line":152,"column":73}},"91":{"start":{"line":153,"column":2},"end":{"line":153,"column":61}},"92":{"start":{"line":154,"column":2},"end":{"line":167,"column":4}},"93":{"start":{"line":155,"column":4},"end":{"line":166,"column":5}},"94":{"start":{"line":156,"column":6},"end":{"line":162,"column":7}},"95":{"start":{"line":157,"column":8},"end":{"line":157,"column":71}},"96":{"start":{"line":158,"column":8},"end":{"line":158,"column":31}},"97":{"start":{"line":160,"column":8},"end":{"line":160,"column":62}},"98":{"start":{"line":161,"column":8},"end":{"line":161,"column":31}},"99":{"start":{"line":164,"column":6},"end":{"line":164,"column":69}},"100":{"start":{"line":165,"column":6},"end":{"line":165,"column":46}},"101":{"start":{"line":171,"column":0},"end":{"line":200,"column":2}},"102":{"start":{"line":172,"column":2},"end":{"line":199,"column":5}},"103":{"start":{"line":173,"column":4},"end":{"line":199,"column":3}},"104":{"start":{"line":174,"column":6},"end":{"line":174,"column":60}},"105":{"start":{"line":175,"column":6},"end":{"line":175,"column":29}},"106":{"start":{"line":177,"column":19},"end":{"line":177,"column":55}},"107":{"start":{"line":181,"column":6},"end":{"line":198,"column":41}},"108":{"start":{"line":181,"column":38},"end":{"line":181,"column":63}},"109":{"start":{"line":183,"column":8},"end":{"line":183,"column":30}},"110":{"start":{"line":185,"column":21},"end":{"line":185,"column":82}},"111":{"start":{"line":185,"column":53},"end":{"line":185,"column":80}},"112":{"start":{"line":186,"column":6},"end":{"line":186,"column":17}},"113":{"start":{"line":188,"column":8},"end":{"line":188,"column":32}},"114":{"start":{"line":189,"column":8},"end":{"line":189,"column":62}},"115":{"start":{"line":189,"column":44},"end":{"line":189,"column":61}},"116":{"start":{"line":190,"column":8},"end":{"line":190,"column":66}},"117":{"start":{"line":190,"column":48},"end":{"line":190,"column":65}},"118":{"start":{"line":192,"column":8},"end":{"line":197,"column":10}},"119":{"start":{"line":198,"column":24},"end":{"line":198,"column":40}},"120":{"start":{"line":203,"column":0},"end":{"line":215,"column":2}},"121":{"start":{"line":204,"column":2},"end":{"line":214,"column":4}},"122":{"start":{"line":205,"column":4},"end":{"line":213,"column":5}},"123":{"start":{"line":206,"column":6},"end":{"line":206,"column":60}},"124":{"start":{"line":207,"column":6},"end":{"line":207,"column":29}},"125":{"start":{"line":209,"column":6},"end":{"line":209,"column":45}},"126":{"start":{"line":210,"column":6},"end":{"line":210,"column":23}},"127":{"start":{"line":211,"column":6},"end":{"line":211,"column":59}},"128":{"start":{"line":212,"column":6},"end":{"line":212,"column":47}},"129":{"start":{"line":218,"column":0},"end":{"line":230,"column":2}},"130":{"start":{"line":219,"column":2},"end":{"line":229,"column":4}},"131":{"start":{"line":220,"column":4},"end":{"line":228,"column":5}},"132":{"start":{"line":221,"column":6},"end":{"line":221,"column":60}},"133":{"start":{"line":222,"column":6},"end":{"line":222,"column":29}},"134":{"start":{"line":224,"column":6},"end":{"line":224,"column":80}},"135":{"start":{"line":225,"column":6},"end":{"line":225,"column":23}},"136":{"start":{"line":226,"column":6},"end":{"line":226,"column":63}},"137":{"start":{"line":227,"column":6},"end":{"line":227,"column":47}},"138":{"start":{"line":234,"column":0},"end":{"line":234,"column":23}}},"fnMap":{"0":{"name":"(anonymous_0)","decl":{"start":{"line":9,"column":39},"end":{"line":9,"column":40}},"loc":{"start":{"line":9,"column":53},"end":{"line":63,"column":1}},"line":9},"1":{"name":"(anonymous_1)","decl":{"start":{"line":14,"column":87},"end":{"line":14,"column":88}},"loc":{"start":{"line":14,"column":110},"end":{"line":21,"column":7}},"line":14},"2":{"name":"(anonymous_2)","decl":{"start":{"line":24,"column":134},"end":{"line":24,"column":135}},"loc":{"start":{"line":24,"column":157},"end":{"line":31,"column":7}},"line":24},"3":{"name":"(anonymous_3)","decl":{"start":{"line":35,"column":76},"end":{"line":35,"column":77}},"loc":{"start":{"line":35,"column":96},"end":{"line":42,"column":7}},"line":35},"4":{"name":"(anonymous_4)","decl":{"start":{"line":44,"column":108},"end":{"line":44,"column":109}},"loc":{"start":{"line":44,"column":131},"end":{"line":51,"column":7}},"line":44},"5":{"name":"(anonymous_5)","decl":{"start":{"line":54,"column":74},"end":{"line":54,"column":75}},"loc":{"start":{"line":54,"column":94},"end":{"line":61,"column":5}},"line":54},"6":{"name":"(anonymous_6)","decl":{"start":{"line":66,"column":42},"end":{"line":66,"column":43}},"loc":{"start":{"line":66,"column":56},"end":{"line":68,"column":1}},"line":66},"7":{"name":"(anonymous_7)","decl":{"start":{"line":71,"column":40},"end":{"line":71,"column":41}},"loc":{"start":{"line":71,"column":54},"end":{"line":99,"column":1}},"line":71},"8":{"name":"(anonymous_8)","decl":{"start":{"line":86,"column":37},"end":{"line":86,"column":38}},"loc":{"start":{"line":86,"column":53},"end":{"line":97,"column":9}},"line":86},"9":{"name":"(anonymous_9)","decl":{"start":{"line":102,"column":42},"end":{"line":102,"column":43}},"loc":{"start":{"line":102,"column":56},"end":{"line":132,"column":1}},"line":102},"10":{"name":"(anonymous_10)","decl":{"start":{"line":103,"column":56},"end":{"line":103,"column":57}},"loc":{"start":{"line":103,"column":77},"end":{"line":131,"column":4}},"line":103},"11":{"name":"(anonymous_11)","decl":{"start":{"line":112,"column":29},"end":{"line":112,"column":30}},"loc":{"start":{"line":112,"column":38},"end":{"line":112,"column":63}},"line":112},"12":{"name":"(anonymous_12)","decl":{"start":{"line":113,"column":12},"end":{"line":113,"column":13}},"loc":{"start":{"line":113,"column":22},"end":{"line":115,"column":7}},"line":113},"13":{"name":"(anonymous_13)","decl":{"start":{"line":115,"column":14},"end":{"line":115,"column":15}},"loc":{"start":{"line":115,"column":20},"end":{"line":117,"column":18}},"line":115},"14":{"name":"(anonymous_14)","decl":{"start":{"line":116,"column":44},"end":{"line":116,"column":45}},"loc":{"start":{"line":116,"column":53},"end":{"line":116,"column":80}},"line":116},"15":{"name":"(anonymous_15)","decl":{"start":{"line":118,"column":12},"end":{"line":118,"column":13}},"loc":{"start":{"line":118,"column":22},"end":{"line":119,"column":33}},"line":118},"16":{"name":"(anonymous_16)","decl":{"start":{"line":119,"column":40},"end":{"line":119,"column":41}},"loc":{"start":{"line":119,"column":46},"end":{"line":122,"column":7}},"line":119},"17":{"name":"(anonymous_17)","decl":{"start":{"line":120,"column":32},"end":{"line":120,"column":33}},"loc":{"start":{"line":120,"column":44},"end":{"line":120,"column":61}},"line":120},"18":{"name":"(anonymous_18)","decl":{"start":{"line":121,"column":36},"end":{"line":121,"column":37}},"loc":{"start":{"line":121,"column":48},"end":{"line":121,"column":65}},"line":121},"19":{"name":"(anonymous_19)","decl":{"start":{"line":122,"column":14},"end":{"line":122,"column":15}},"loc":{"start":{"line":122,"column":20},"end":{"line":130,"column":7}},"line":122},"20":{"name":"(anonymous_20)","decl":{"start":{"line":130,"column":15},"end":{"line":130,"column":16}},"loc":{"start":{"line":130,"column":24},"end":{"line":130,"column":40}},"line":130},"21":{"name":"(anonymous_21)","decl":{"start":{"line":135,"column":51},"end":{"line":135,"column":52}},"loc":{"start":{"line":135,"column":65},"end":{"line":144,"column":1}},"line":135},"22":{"name":"(anonymous_22)","decl":{"start":{"line":136,"column":32},"end":{"line":136,"column":33}},"loc":{"start":{"line":136,"column":53},"end":{"line":143,"column":3}},"line":136},"23":{"name":"(anonymous_23)","decl":{"start":{"line":147,"column":47},"end":{"line":147,"column":48}},"loc":{"start":{"line":147,"column":61},"end":{"line":168,"column":1}},"line":147},"24":{"name":"(anonymous_24)","decl":{"start":{"line":154,"column":100},"end":{"line":154,"column":101}},"loc":{"start":{"line":154,"column":123},"end":{"line":167,"column":3}},"line":154},"25":{"name":"(anonymous_25)","decl":{"start":{"line":171,"column":49},"end":{"line":171,"column":50}},"loc":{"start":{"line":171,"column":63},"end":{"line":200,"column":1}},"line":171},"26":{"name":"(anonymous_26)","decl":{"start":{"line":172,"column":56},"end":{"line":172,"column":57}},"loc":{"start":{"line":172,"column":77},"end":{"line":199,"column":4}},"line":172},"27":{"name":"(anonymous_27)","decl":{"start":{"line":181,"column":29},"end":{"line":181,"column":30}},"loc":{"start":{"line":181,"column":38},"end":{"line":181,"column":63}},"line":181},"28":{"name":"(anonymous_28)","decl":{"start":{"line":182,"column":12},"end":{"line":182,"column":13}},"loc":{"start":{"line":182,"column":22},"end":{"line":184,"column":7}},"line":182},"29":{"name":"(anonymous_29)","decl":{"start":{"line":184,"column":14},"end":{"line":184,"column":15}},"loc":{"start":{"line":184,"column":20},"end":{"line":186,"column":18}},"line":184},"30":{"name":"(anonymous_30)","decl":{"start":{"line":185,"column":44},"end":{"line":185,"column":45}},"loc":{"start":{"line":185,"column":53},"end":{"line":185,"column":80}},"line":185},"31":{"name":"(anonymous_31)","decl":{"start":{"line":187,"column":12},"end":{"line":187,"column":13}},"loc":{"start":{"line":187,"column":22},"end":{"line":188,"column":33}},"line":187},"32":{"name":"(anonymous_32)","decl":{"start":{"line":188,"column":40},"end":{"line":188,"column":41}},"loc":{"start":{"line":188,"column":46},"end":{"line":191,"column":7}},"line":188},"33":{"name":"(anonymous_33)","decl":{"start":{"line":189,"column":32},"end":{"line":189,"column":33}},"loc":{"start":{"line":189,"column":44},"end":{"line":189,"column":61}},"line":189},"34":{"name":"(anonymous_34)","decl":{"start":{"line":190,"column":36},"end":{"line":190,"column":37}},"loc":{"start":{"line":190,"column":48},"end":{"line":190,"column":65}},"line":190},"35":{"name":"(anonymous_35)","decl":{"start":{"line":191,"column":14},"end":{"line":191,"column":15}},"loc":{"start":{"line":191,"column":20},"end":{"line":198,"column":7}},"line":191},"36":{"name":"(anonymous_36)","decl":{"start":{"line":198,"column":15},"end":{"line":198,"column":16}},"loc":{"start":{"line":198,"column":24},"end":{"line":198,"column":40}},"line":198},"37":{"name":"(anonymous_37)","decl":{"start":{"line":203,"column":31},"end":{"line":203,"column":32}},"loc":{"start":{"line":203,"column":45},"end":{"line":215,"column":1}},"line":203},"38":{"name":"(anonymous_38)","decl":{"start":{"line":204,"column":32},"end":{"line":204,"column":33}},"loc":{"start":{"line":204,"column":53},"end":{"line":214,"column":3}},"line":204},"39":{"name":"(anonymous_39)","decl":{"start":{"line":218,"column":34},"end":{"line":218,"column":35}},"loc":{"start":{"line":218,"column":48},"end":{"line":230,"column":1}},"line":218},"40":{"name":"(anonymous_40)","decl":{"start":{"line":219,"column":32},"end":{"line":219,"column":33}},"loc":{"start":{"line":219,"column":53},"end":{"line":229,"column":3}},"line":219}},"branchMap":{"0":{"loc":{"start":{"line":11,"column":2},"end":{"line":62,"column":3}},"type":"if","locations":[{"start":{"line":11,"column":2},"end":{"line":62,"column":3}},{"start":{"line":11,"column":2},"end":{"line":62,"column":3}}],"line":11},"1":{"loc":{"start":{"line":12,"column":4},"end":{"line":32,"column":5}},"type":"if","locations":[{"start":{"line":12,"column":4},"end":{"line":32,"column":5}},{"start":{"line":12,"column":4},"end":{"line":32,"column":5}}],"line":12},"2":{"loc":{"start":{"line":15,"column":10},"end":{"line":20,"column":11}},"type":"if","locations":[{"start":{"line":15,"column":10},"end":{"line":20,"column":11}},{"start":{"line":15,"column":10},"end":{"line":20,"column":11}}],"line":15},"3":{"loc":{"start":{"line":25,"column":8},"end":{"line":30,"column":9}},"type":"if","locations":[{"start":{"line":25,"column":8},"end":{"line":30,"column":9}},{"start":{"line":25,"column":8},"end":{"line":30,"column":9}}],"line":25},"4":{"loc":{"start":{"line":33,"column":9},"end":{"line":62,"column":3}},"type":"if","locations":[{"start":{"line":33,"column":9},"end":{"line":62,"column":3}},{"start":{"line":33,"column":9},"end":{"line":62,"column":3}}],"line":33},"5":{"loc":{"start":{"line":34,"column":4},"end":{"line":52,"column":5}},"type":"if","locations":[{"start":{"line":34,"column":4},"end":{"line":52,"column":5}},{"start":{"line":34,"column":4},"end":{"line":52,"column":5}}],"line":34},"6":{"loc":{"start":{"line":36,"column":10},"end":{"line":41,"column":11}},"type":"if","locations":[{"start":{"line":36,"column":10},"end":{"line":41,"column":11}},{"start":{"line":36,"column":10},"end":{"line":41,"column":11}}],"line":36},"7":{"loc":{"start":{"line":45,"column":8},"end":{"line":50,"column":9}},"type":"if","locations":[{"start":{"line":45,"column":8},"end":{"line":50,"column":9}},{"start":{"line":45,"column":8},"end":{"line":50,"column":9}}],"line":45},"8":{"loc":{"start":{"line":55,"column":8},"end":{"line":60,"column":9}},"type":"if","locations":[{"start":{"line":55,"column":8},"end":{"line":60,"column":9}},{"start":{"line":55,"column":8},"end":{"line":60,"column":9}}],"line":55},"9":{"loc":{"start":{"line":73,"column":6},"end":{"line":98,"column":7}},"type":"if","locations":[{"start":{"line":73,"column":6},"end":{"line":98,"column":7}},{"start":{"line":73,"column":6},"end":{"line":98,"column":7}}],"line":73},"10":{"loc":{"start":{"line":87,"column":10},"end":{"line":96,"column":11}},"type":"if","locations":[{"start":{"line":87,"column":10},"end":{"line":96,"column":11}},{"start":{"line":87,"column":10},"end":{"line":96,"column":11}}],"line":87},"11":{"loc":{"start":{"line":104,"column":4},"end":{"line":131,"column":3}},"type":"if","locations":[{"start":{"line":104,"column":4},"end":{"line":131,"column":3}},{"start":{"line":104,"column":4},"end":{"line":131,"column":3}}],"line":104},"12":{"loc":{"start":{"line":137,"column":4},"end":{"line":142,"column":5}},"type":"if","locations":[{"start":{"line":137,"column":4},"end":{"line":142,"column":5}},{"start":{"line":137,"column":4},"end":{"line":142,"column":5}}],"line":137},"13":{"loc":{"start":{"line":155,"column":4},"end":{"line":166,"column":5}},"type":"if","locations":[{"start":{"line":155,"column":4},"end":{"line":166,"column":5}},{"start":{"line":155,"column":4},"end":{"line":166,"column":5}}],"line":155},"14":{"loc":{"start":{"line":156,"column":6},"end":{"line":162,"column":7}},"type":"if","locations":[{"start":{"line":156,"column":6},"end":{"line":162,"column":7}},{"start":{"line":156,"column":6},"end":{"line":162,"column":7}}],"line":156},"15":{"loc":{"start":{"line":173,"column":4},"end":{"line":199,"column":3}},"type":"if","locations":[{"start":{"line":173,"column":4},"end":{"line":199,"column":3}},{"start":{"line":173,"column":4},"end":{"line":199,"column":3}}],"line":173},"16":{"loc":{"start":{"line":205,"column":4},"end":{"line":213,"column":5}},"type":"if","locations":[{"start":{"line":205,"column":4},"end":{"line":213,"column":5}},{"start":{"line":205,"column":4},"end":{"line":213,"column":5}}],"line":205},"17":{"loc":{"start":{"line":220,"column":4},"end":{"line":228,"column":5}},"type":"if","locations":[{"start":{"line":220,"column":4},"end":{"line":228,"column":5}},{"start":{"line":220,"column":4},"end":{"line":228,"column":5}}],"line":220}},"s":{"0":1,"1":1,"2":1,"3":1,"4":1,"5":1,"6":1,"7":30,"8":7,"9":3,"10":3,"11":3,"12":0,"13":0,"14":3,"15":4,"16":4,"17":4,"18":0,"19":0,"20":4,"21":23,"22":3,"23":0,"24":0,"25":0,"26":0,"27":0,"28":3,"29":3,"30":0,"31":0,"32":3,"33":20,"34":20,"35":0,"36":0,"37":20,"38":1,"39":1,"40":1,"41":1,"42":1,"43":0,"44":1,"45":1,"46":1,"47":1,"48":1,"49":1,"50":1,"51":1,"52":1,"53":0,"54":0,"55":0,"56":1,"57":1,"58":1,"59":1,"60":1,"61":13,"62":13,"63":0,"64":0,"65":13,"66":13,"67":0,"68":13,"69":13,"70":0,"71":13,"72":13,"73":13,"74":0,"75":13,"76":0,"77":13,"78":0,"79":1,"80":1,"81":1,"82":0,"83":0,"84":1,"85":1,"86":1,"87":1,"88":1,"89":1,"90":1,"91":1,"92":1,"93":1,"94":0,"95":0,"96":0,"97":0,"98":0,"99":1,"100":1,"101":1,"102":0,"103":0,"104":0,"105":0,"106":0,"107":0,"108":0,"109":0,"110":0,"111":0,"112":0,"113":0,"114":0,"115":0,"116":0,"117":0,"118":0,"119":0,"120":1,"121":2,"122":2,"123":0,"124":0,"125":2,"126":2,"127":2,"128":2,"129":1,"130":2,"131":2,"132":0,"133":0,"134":2,"135":2,"136":2,"137":2,"138":1},"f":{"0":30,"1":3,"2":4,"3":0,"4":3,"5":20,"6":1,"7":1,"8":1,"9":13,"10":13,"11":0,"12":13,"13":13,"14":0,"15":13,"16":13,"17":0,"18":0,"19":13,"20":0,"21":1,"22":1,"23":1,"24":1,"25":0,"26":0,"27":0,"28":0,"29":0,"30":0,"31":0,"32":0,"33":0,"34":0,"35":0,"36":0,"37":2,"38":2,"39":2,"40":2},"b":{"0":[7,23],"1":[3,4],"2":[0,3],"3":[0,4],"4":[3,20],"5":[0,3],"6":[0,0],"7":[0,3],"8":[0,20],"9":[0,1],"10":[0,1],"11":[0,13],"12":[0,1],"13":[0,1],"14":[0,0],"15":[0,0],"16":[0,2],"17":[0,2]},"_coverageSchema":"1a1c01bbd47fc00a2c39e90264f33305004495a9","hash":"8832bdd5f9ee7c60d9965a121a478527dbdfccd3","contentHash":"4566f209ecb462b38c55d355c3dc014f9cc0965c7031569f6f9f955e24a4a1b0"},"/Users/tansuyin/Desktop/group-d/middleware/index.js":{"path":"/Users/tansuyin/Desktop/group-d/middleware/index.js","statementMap":{"0":{"start":{"line":1,"column":12},"end":{"line":1,"column":38}},"1":{"start":{"line":2,"column":12},"end":{"line":2,"column":38}},"2":{"start":{"line":3,"column":11},"end":{"line":3,"column":36}},"3":{"start":{"line":4,"column":14},"end":{"line":4,"column":42}},"4":{"start":{"line":7,"column":20},"end":{"line":7,"column":22}},"5":{"start":{"line":9,"column":0},"end":{"line":15,"column":1}},"6":{"start":{"line":10,"column":4},"end":{"line":12,"column":5}},"7":{"start":{"line":11,"column":8},"end":{"line":11,"column":22}},"8":{"start":{"line":13,"column":4},"end":{"line":13,"column":61}},"9":{"start":{"line":14,"column":4},"end":{"line":14,"column":27}},"10":{"start":{"line":17,"column":0},"end":{"line":36,"column":1}},"11":{"start":{"line":18,"column":4},"end":{"line":35,"column":5}},"12":{"start":{"line":19,"column":8},"end":{"line":31,"column":10}},"13":{"start":{"line":20,"column":12},"end":{"line":30,"column":13}},"14":{"start":{"line":21,"column":16},"end":{"line":21,"column":54}},"15":{"start":{"line":22,"column":16},"end":{"line":22,"column":39}},"16":{"start":{"line":24,"column":16},"end":{"line":29,"column":17}},"17":{"start":{"line":25,"column":20},"end":{"line":25,"column":26}},"18":{"start":{"line":27,"column":20},"end":{"line":27,"column":79}},"19":{"start":{"line":28,"column":20},"end":{"line":28,"column":60}},"20":{"start":{"line":33,"column":8},"end":{"line":33,"column":65}},"21":{"start":{"line":34,"column":8},"end":{"line":34,"column":31}},"22":{"start":{"line":38,"column":0},"end":{"line":57,"column":1}},"23":{"start":{"line":39,"column":4},"end":{"line":56,"column":5}},"24":{"start":{"line":40,"column":8},"end":{"line":52,"column":10}},"25":{"start":{"line":41,"column":12},"end":{"line":51,"column":13}},"26":{"start":{"line":42,"column":16},"end":{"line":42,"column":54}},"27":{"start":{"line":43,"column":16},"end":{"line":43,"column":56}},"28":{"start":{"line":45,"column":16},"end":{"line":50,"column":17}},"29":{"start":{"line":46,"column":20},"end":{"line":46,"column":79}},"30":{"start":{"line":47,"column":20},"end":{"line":47,"column":94}},"31":{"start":{"line":49,"column":20},"end":{"line":49,"column":26}},"32":{"start":{"line":54,"column":8},"end":{"line":54,"column":65}},"33":{"start":{"line":55,"column":8},"end":{"line":55,"column":31}},"34":{"start":{"line":59,"column":0},"end":{"line":78,"column":1}},"35":{"start":{"line":60,"column":4},"end":{"line":77,"column":5}},"36":{"start":{"line":61,"column":8},"end":{"line":73,"column":10}},"37":{"start":{"line":62,"column":12},"end":{"line":72,"column":13}},"38":{"start":{"line":63,"column":16},"end":{"line":63,"column":54}},"39":{"start":{"line":64,"column":16},"end":{"line":64,"column":56}},"40":{"start":{"line":66,"column":16},"end":{"line":71,"column":17}},"41":{"start":{"line":67,"column":20},"end":{"line":67,"column":79}},"42":{"start":{"line":68,"column":20},"end":{"line":68,"column":94}},"43":{"start":{"line":70,"column":20},"end":{"line":70,"column":26}},"44":{"start":{"line":75,"column":8},"end":{"line":75,"column":65}},"45":{"start":{"line":76,"column":8},"end":{"line":76,"column":31}},"46":{"start":{"line":80,"column":1},"end":{"line":96,"column":2}},"47":{"start":{"line":81,"column":5},"end":{"line":95,"column":6}},"48":{"start":{"line":82,"column":9},"end":{"line":94,"column":11}},"49":{"start":{"line":83,"column":13},"end":{"line":93,"column":14}},"50":{"start":{"line":84,"column":16},"end":{"line":84,"column":56}},"51":{"start":{"line":85,"column":16},"end":{"line":85,"column":69}},"52":{"start":{"line":87,"column":17},"end":{"line":92,"column":18}},"53":{"start":{"line":88,"column":21},"end":{"line":88,"column":27}},"54":{"start":{"line":90,"column":20},"end":{"line":90,"column":79}},"55":{"start":{"line":91,"column":20},"end":{"line":91,"column":105}},"56":{"start":{"line":98,"column":1},"end":{"line":114,"column":2}},"57":{"start":{"line":99,"column":5},"end":{"line":113,"column":6}},"58":{"start":{"line":100,"column":9},"end":{"line":112,"column":11}},"59":{"start":{"line":101,"column":13},"end":{"line":111,"column":14}},"60":{"start":{"line":102,"column":16},"end":{"line":102,"column":53}},"61":{"start":{"line":103,"column":16},"end":{"line":103,"column":36}},"62":{"start":{"line":105,"column":17},"end":{"line":110,"column":18}},"63":{"start":{"line":106,"column":21},"end":{"line":106,"column":27}},"64":{"start":{"line":108,"column":20},"end":{"line":108,"column":79}},"65":{"start":{"line":109,"column":20},"end":{"line":109,"column":63}},"66":{"start":{"line":116,"column":1},"end":{"line":129,"column":2}},"67":{"start":{"line":117,"column":5},"end":{"line":128,"column":6}},"68":{"start":{"line":118,"column":21},"end":{"line":118,"column":70}},"69":{"start":{"line":119,"column":8},"end":{"line":121,"column":9}},"70":{"start":{"line":120,"column":12},"end":{"line":120,"column":25}},"71":{"start":{"line":122,"column":8},"end":{"line":122,"column":96}},"72":{"start":{"line":123,"column":8},"end":{"line":123,"column":28}},"73":{"start":{"line":125,"column":9},"end":{"line":125,"column":25}},"74":{"start":{"line":126,"column":9},"end":{"line":126,"column":63}},"75":{"start":{"line":127,"column":9},"end":{"line":127,"column":29}},"76":{"start":{"line":131,"column":0},"end":{"line":131,"column":31}}},"fnMap":{"0":{"name":"(anonymous_0)","decl":{"start":{"line":9,"column":27},"end":{"line":9,"column":28}},"loc":{"start":{"line":9,"column":52},"end":{"line":15,"column":1}},"line":9},"1":{"name":"(anonymous_1)","decl":{"start":{"line":17,"column":31},"end":{"line":17,"column":32}},"loc":{"start":{"line":17,"column":56},"end":{"line":36,"column":1}},"line":17},"2":{"name":"(anonymous_2)","decl":{"start":{"line":19,"column":38},"end":{"line":19,"column":39}},"loc":{"start":{"line":19,"column":59},"end":{"line":31,"column":9}},"line":19},"3":{"name":"(anonymous_3)","decl":{"start":{"line":38,"column":30},"end":{"line":38,"column":31}},"loc":{"start":{"line":38,"column":55},"end":{"line":57,"column":1}},"line":38},"4":{"name":"(anonymous_4)","decl":{"start":{"line":40,"column":43},"end":{"line":40,"column":44}},"loc":{"start":{"line":40,"column":64},"end":{"line":52,"column":9}},"line":40},"5":{"name":"(anonymous_5)","decl":{"start":{"line":59,"column":30},"end":{"line":59,"column":31}},"loc":{"start":{"line":59,"column":55},"end":{"line":78,"column":1}},"line":59},"6":{"name":"(anonymous_6)","decl":{"start":{"line":61,"column":43},"end":{"line":61,"column":44}},"loc":{"start":{"line":61,"column":64},"end":{"line":73,"column":9}},"line":61},"7":{"name":"(anonymous_7)","decl":{"start":{"line":80,"column":34},"end":{"line":80,"column":35}},"loc":{"start":{"line":80,"column":59},"end":{"line":96,"column":2}},"line":80},"8":{"name":"(anonymous_8)","decl":{"start":{"line":82,"column":48},"end":{"line":82,"column":49}},"loc":{"start":{"line":82,"column":71},"end":{"line":94,"column":10}},"line":82},"9":{"name":"(anonymous_9)","decl":{"start":{"line":98,"column":34},"end":{"line":98,"column":35}},"loc":{"start":{"line":98,"column":59},"end":{"line":114,"column":2}},"line":98},"10":{"name":"(anonymous_10)","decl":{"start":{"line":100,"column":42},"end":{"line":100,"column":43}},"loc":{"start":{"line":100,"column":62},"end":{"line":112,"column":10}},"line":100},"11":{"name":"(anonymous_11)","decl":{"start":{"line":116,"column":28},"end":{"line":116,"column":29}},"loc":{"start":{"line":116,"column":59},"end":{"line":129,"column":2}},"line":116}},"branchMap":{"0":{"loc":{"start":{"line":10,"column":4},"end":{"line":12,"column":5}},"type":"if","locations":[{"start":{"line":10,"column":4},"end":{"line":12,"column":5}},{"start":{"line":10,"column":4},"end":{"line":12,"column":5}}],"line":10},"1":{"loc":{"start":{"line":18,"column":4},"end":{"line":35,"column":5}},"type":"if","locations":[{"start":{"line":18,"column":4},"end":{"line":35,"column":5}},{"start":{"line":18,"column":4},"end":{"line":35,"column":5}}],"line":18},"2":{"loc":{"start":{"line":20,"column":12},"end":{"line":30,"column":13}},"type":"if","locations":[{"start":{"line":20,"column":12},"end":{"line":30,"column":13}},{"start":{"line":20,"column":12},"end":{"line":30,"column":13}}],"line":20},"3":{"loc":{"start":{"line":24,"column":16},"end":{"line":29,"column":17}},"type":"if","locations":[{"start":{"line":24,"column":16},"end":{"line":29,"column":17}},{"start":{"line":24,"column":16},"end":{"line":29,"column":17}}],"line":24},"4":{"loc":{"start":{"line":39,"column":4},"end":{"line":56,"column":5}},"type":"if","locations":[{"start":{"line":39,"column":4},"end":{"line":56,"column":5}},{"start":{"line":39,"column":4},"end":{"line":56,"column":5}}],"line":39},"5":{"loc":{"start":{"line":41,"column":12},"end":{"line":51,"column":13}},"type":"if","locations":[{"start":{"line":41,"column":12},"end":{"line":51,"column":13}},{"start":{"line":41,"column":12},"end":{"line":51,"column":13}}],"line":41},"6":{"loc":{"start":{"line":45,"column":16},"end":{"line":50,"column":17}},"type":"if","locations":[{"start":{"line":45,"column":16},"end":{"line":50,"column":17}},{"start":{"line":45,"column":16},"end":{"line":50,"column":17}}],"line":45},"7":{"loc":{"start":{"line":60,"column":4},"end":{"line":77,"column":5}},"type":"if","locations":[{"start":{"line":60,"column":4},"end":{"line":77,"column":5}},{"start":{"line":60,"column":4},"end":{"line":77,"column":5}}],"line":60},"8":{"loc":{"start":{"line":62,"column":12},"end":{"line":72,"column":13}},"type":"if","locations":[{"start":{"line":62,"column":12},"end":{"line":72,"column":13}},{"start":{"line":62,"column":12},"end":{"line":72,"column":13}}],"line":62},"9":{"loc":{"start":{"line":66,"column":16},"end":{"line":71,"column":17}},"type":"if","locations":[{"start":{"line":66,"column":16},"end":{"line":71,"column":17}},{"start":{"line":66,"column":16},"end":{"line":71,"column":17}}],"line":66},"10":{"loc":{"start":{"line":81,"column":5},"end":{"line":95,"column":6}},"type":"if","locations":[{"start":{"line":81,"column":5},"end":{"line":95,"column":6}},{"start":{"line":81,"column":5},"end":{"line":95,"column":6}}],"line":81},"11":{"loc":{"start":{"line":83,"column":13},"end":{"line":93,"column":14}},"type":"if","locations":[{"start":{"line":83,"column":13},"end":{"line":93,"column":14}},{"start":{"line":83,"column":13},"end":{"line":93,"column":14}}],"line":83},"12":{"loc":{"start":{"line":87,"column":17},"end":{"line":92,"column":18}},"type":"if","locations":[{"start":{"line":87,"column":17},"end":{"line":92,"column":18}},{"start":{"line":87,"column":17},"end":{"line":92,"column":18}}],"line":87},"13":{"loc":{"start":{"line":99,"column":5},"end":{"line":113,"column":6}},"type":"if","locations":[{"start":{"line":99,"column":5},"end":{"line":113,"column":6}},{"start":{"line":99,"column":5},"end":{"line":113,"column":6}}],"line":99},"14":{"loc":{"start":{"line":101,"column":13},"end":{"line":111,"column":14}},"type":"if","locations":[{"start":{"line":101,"column":13},"end":{"line":111,"column":14}},{"start":{"line":101,"column":13},"end":{"line":111,"column":14}}],"line":101},"15":{"loc":{"start":{"line":105,"column":17},"end":{"line":110,"column":18}},"type":"if","locations":[{"start":{"line":105,"column":17},"end":{"line":110,"column":18}},{"start":{"line":105,"column":17},"end":{"line":110,"column":18}}],"line":105},"16":{"loc":{"start":{"line":119,"column":8},"end":{"line":121,"column":9}},"type":"if","locations":[{"start":{"line":119,"column":8},"end":{"line":121,"column":9}},{"start":{"line":119,"column":8},"end":{"line":121,"column":9}}],"line":119}},"s":{"0":1,"1":1,"2":1,"3":1,"4":1,"5":1,"6":49,"7":45,"8":4,"9":4,"10":1,"11":2,"12":2,"13":2,"14":0,"15":0,"16":2,"17":2,"18":0,"19":0,"20":0,"21":0,"22":1,"23":0,"24":0,"25":0,"26":0,"27":0,"28":0,"29":0,"30":0,"31":0,"32":0,"33":0,"34":1,"35":0,"36":0,"37":0,"38":0,"39":0,"40":0,"41":0,"42":0,"43":0,"44":0,"45":0,"46":1,"47":0,"48":0,"49":0,"50":0,"51":0,"52":0,"53":0,"54":0,"55":0,"56":1,"57":3,"58":3,"59":3,"60":0,"61":0,"62":3,"63":3,"64":0,"65":0,"66":1,"67":0,"68":0,"69":0,"70":0,"71":0,"72":0,"73":0,"74":0,"75":0,"76":1},"f":{"0":49,"1":2,"2":2,"3":0,"4":0,"5":0,"6":0,"7":0,"8":0,"9":3,"10":3,"11":0},"b":{"0":[45,4],"1":[2,0],"2":[0,2],"3":[2,0],"4":[0,0],"5":[0,0],"6":[0,0],"7":[0,0],"8":[0,0],"9":[0,0],"10":[0,0],"11":[0,0],"12":[0,0],"13":[3,0],"14":[0,3],"15":[3,0],"16":[0,0]},"_coverageSchema":"1a1c01bbd47fc00a2c39e90264f33305004495a9","hash":"0b69a6d05fe099afbdd2808beb8afc493a4f0cd3","contentHash":"1b2bd5710e40005922b2e79e9d44e7bdde24cfcfbef879ec9c25ede1fa229792"},"/Users/tansuyin/Desktop/group-d/models/message.js":{"path":"/Users/tansuyin/Desktop/group-d/models/message.js","statementMap":{"0":{"start":{"line":1,"column":17},"end":{"line":1,"column":36}},"1":{"start":{"line":3,"column":22},"end":{"line":14,"column":2}},"2":{"start":{"line":16,"column":0},"end":{"line":16,"column":57}}},"fnMap":{},"branchMap":{},"s":{"0":1,"1":1,"2":1},"f":{},"b":{},"_coverageSchema":"1a1c01bbd47fc00a2c39e90264f33305004495a9","hash":"d15ef7e48fb8c950b302c7fd56f6bf5a30dedd59","contentHash":"9d2ed8c0c16df95b482012992fbd23f8c3c9b9514f9a13c95c3dd66a8e7f75bd"},"/Users/tansuyin/Desktop/group-d/routes/groups.js":{"path":"/Users/tansuyin/Desktop/group-d/routes/groups.js","statementMap":{"0":{"start":{"line":1,"column":16},"end":{"line":1,"column":34}},"1":{"start":{"line":2,"column":15},"end":{"line":2,"column":50}},"2":{"start":{"line":3,"column":14},"end":{"line":3,"column":40}},"3":{"start":{"line":4,"column":14},"end":{"line":4,"column":40}},"4":{"start":{"line":5,"column":13},"end":{"line":5,"column":38}},"5":{"start":{"line":6,"column":16},"end":{"line":6,"column":44}},"6":{"start":{"line":7,"column":21},"end":{"line":7,"column":54}},"7":{"start":{"line":9,"column":19},"end":{"line":9,"column":43}},"8":{"start":{"line":10,"column":15},"end":{"line":10,"column":35}},"9":{"start":{"line":11,"column":14},"end":{"line":11,"column":40}},"10":{"start":{"line":14,"column":0},"end":{"line":23,"column":2}},"11":{"start":{"line":15,"column":20},"end":{"line":15,"column":33}},"12":{"start":{"line":16,"column":4},"end":{"line":22,"column":6}},"13":{"start":{"line":17,"column":8},"end":{"line":21,"column":9}},"14":{"start":{"line":18,"column":12},"end":{"line":18,"column":29}},"15":{"start":{"line":20,"column":12},"end":{"line":20,"column":57}},"16":{"start":{"line":26,"column":0},"end":{"line":83,"column":2}},"17":{"start":{"line":27,"column":20},"end":{"line":27,"column":33}},"18":{"start":{"line":28,"column":4},"end":{"line":82,"column":6}},"19":{"start":{"line":29,"column":8},"end":{"line":81,"column":9}},"20":{"start":{"line":30,"column":10},"end":{"line":30,"column":64}},"21":{"start":{"line":31,"column":10},"end":{"line":31,"column":30}},"22":{"start":{"line":33,"column":12},"end":{"line":80,"column":13}},"23":{"start":{"line":43,"column":18},"end":{"line":78,"column":19}},"24":{"start":{"line":44,"column":20},"end":{"line":44,"column":74}},"25":{"start":{"line":45,"column":20},"end":{"line":45,"column":40}},"26":{"start":{"line":47,"column":20},"end":{"line":47,"column":56}},"27":{"start":{"line":48,"column":20},"end":{"line":48,"column":59}},"28":{"start":{"line":49,"column":20},"end":{"line":49,"column":33}},"29":{"start":{"line":50,"column":20},"end":{"line":50,"column":45}},"30":{"start":{"line":51,"column":20},"end":{"line":51,"column":33}},"31":{"start":{"line":52,"column":20},"end":{"line":77,"column":21}},"32":{"start":{"line":59,"column":24},"end":{"line":75,"column":25}},"33":{"start":{"line":60,"column":26},"end":{"line":60,"column":80}},"34":{"start":{"line":61,"column":26},"end":{"line":61,"column":46}},"35":{"start":{"line":63,"column":26},"end":{"line":74,"column":28}},"36":{"start":{"line":64,"column":28},"end":{"line":73,"column":29}},"37":{"start":{"line":65,"column":30},"end":{"line":65,"column":84}},"38":{"start":{"line":66,"column":30},"end":{"line":66,"column":50}},"39":{"start":{"line":68,"column":30},"end":{"line":68,"column":53}},"40":{"start":{"line":69,"column":30},"end":{"line":69,"column":41}},"41":{"start":{"line":70,"column":30},"end":{"line":70,"column":64}},"42":{"start":{"line":71,"column":30},"end":{"line":71,"column":123}},"43":{"start":{"line":72,"column":30},"end":{"line":72,"column":78}},"44":{"start":{"line":86,"column":0},"end":{"line":126,"column":2}},"45":{"start":{"line":87,"column":4},"end":{"line":125,"column":6}},"46":{"start":{"line":88,"column":8},"end":{"line":124,"column":9}},"47":{"start":{"line":89,"column":12},"end":{"line":89,"column":35}},"48":{"start":{"line":91,"column":12},"end":{"line":123,"column":13}},"49":{"start":{"line":93,"column":20},"end":{"line":121,"column":21}},"50":{"start":{"line":94,"column":24},"end":{"line":94,"column":64}},"51":{"start":{"line":96,"column":40},"end":{"line":96,"column":80}},"52":{"start":{"line":96,"column":71},"end":{"line":96,"column":79}},"53":{"start":{"line":97,"column":37},"end":{"line":97,"column":73}},"54":{"start":{"line":98,"column":39},"end":{"line":98,"column":41}},"55":{"start":{"line":99,"column":41},"end":{"line":99,"column":43}},"56":{"start":{"line":101,"column":24},"end":{"line":120,"column":59}},"57":{"start":{"line":101,"column":56},"end":{"line":101,"column":81}},"58":{"start":{"line":102,"column":28},"end":{"line":102,"column":50}},"59":{"start":{"line":104,"column":41},"end":{"line":104,"column":102}},"60":{"start":{"line":104,"column":73},"end":{"line":104,"column":100}},"61":{"start":{"line":105,"column":28},"end":{"line":105,"column":39}},"62":{"start":{"line":107,"column":28},"end":{"line":107,"column":52}},"63":{"start":{"line":109,"column":28},"end":{"line":109,"column":82}},"64":{"start":{"line":109,"column":64},"end":{"line":109,"column":81}},"65":{"start":{"line":110,"column":28},"end":{"line":110,"column":86}},"66":{"start":{"line":110,"column":68},"end":{"line":110,"column":85}},"67":{"start":{"line":112,"column":28},"end":{"line":119,"column":34}},"68":{"start":{"line":120,"column":42},"end":{"line":120,"column":58}},"69":{"start":{"line":129,"column":0},"end":{"line":166,"column":2}},"70":{"start":{"line":130,"column":2},"end":{"line":165,"column":4}},"71":{"start":{"line":134,"column":4},"end":{"line":164,"column":5}},"72":{"start":{"line":135,"column":6},"end":{"line":135,"column":60}},"73":{"start":{"line":136,"column":6},"end":{"line":136,"column":29}},"74":{"start":{"line":138,"column":6},"end":{"line":163,"column":8}},"75":{"start":{"line":139,"column":8},"end":{"line":162,"column":9}},"76":{"start":{"line":140,"column":10},"end":{"line":140,"column":64}},"77":{"start":{"line":141,"column":10},"end":{"line":141,"column":49}},"78":{"start":{"line":143,"column":10},"end":{"line":161,"column":14}},"79":{"start":{"line":150,"column":14},"end":{"line":160,"column":16}},"80":{"start":{"line":151,"column":16},"end":{"line":159,"column":17}},"81":{"start":{"line":152,"column":18},"end":{"line":152,"column":72}},"82":{"start":{"line":153,"column":18},"end":{"line":153,"column":57}},"83":{"start":{"line":155,"column":18},"end":{"line":155,"column":41}},"84":{"start":{"line":156,"column":18},"end":{"line":156,"column":29}},"85":{"start":{"line":157,"column":18},"end":{"line":157,"column":70}},"86":{"start":{"line":158,"column":18},"end":{"line":158,"column":92}},"87":{"start":{"line":169,"column":0},"end":{"line":206,"column":2}},"88":{"start":{"line":170,"column":2},"end":{"line":205,"column":4}},"89":{"start":{"line":171,"column":4},"end":{"line":204,"column":5}},"90":{"start":{"line":172,"column":6},"end":{"line":172,"column":60}},"91":{"start":{"line":173,"column":6},"end":{"line":173,"column":29}},"92":{"start":{"line":175,"column":6},"end":{"line":175,"column":80}},"93":{"start":{"line":176,"column":6},"end":{"line":176,"column":18}},"94":{"start":{"line":177,"column":6},"end":{"line":203,"column":8}},"95":{"start":{"line":178,"column":8},"end":{"line":202,"column":9}},"96":{"start":{"line":179,"column":10},"end":{"line":179,"column":64}},"97":{"start":{"line":180,"column":10},"end":{"line":180,"column":33}},"98":{"start":{"line":182,"column":10},"end":{"line":201,"column":11}},"99":{"start":{"line":189,"column":14},"end":{"line":199,"column":16}},"100":{"start":{"line":190,"column":16},"end":{"line":198,"column":17}},"101":{"start":{"line":191,"column":18},"end":{"line":191,"column":72}},"102":{"start":{"line":192,"column":18},"end":{"line":192,"column":41}},"103":{"start":{"line":194,"column":18},"end":{"line":194,"column":41}},"104":{"start":{"line":195,"column":18},"end":{"line":195,"column":29}},"105":{"start":{"line":196,"column":18},"end":{"line":196,"column":81}},"106":{"start":{"line":197,"column":18},"end":{"line":197,"column":92}},"107":{"start":{"line":209,"column":0},"end":{"line":224,"column":2}},"108":{"start":{"line":210,"column":2},"end":{"line":223,"column":4}},"109":{"start":{"line":211,"column":4},"end":{"line":222,"column":5}},"110":{"start":{"line":212,"column":6},"end":{"line":212,"column":60}},"111":{"start":{"line":213,"column":6},"end":{"line":213,"column":23}},"112":{"start":{"line":215,"column":6},"end":{"line":221,"column":8}},"113":{"start":{"line":216,"column":8},"end":{"line":220,"column":9}},"114":{"start":{"line":217,"column":10},"end":{"line":217,"column":27}},"115":{"start":{"line":219,"column":10},"end":{"line":219,"column":81}},"116":{"start":{"line":227,"column":0},"end":{"line":312,"column":2}},"117":{"start":{"line":228,"column":2},"end":{"line":311,"column":4}},"118":{"start":{"line":229,"column":4},"end":{"line":310,"column":5}},"119":{"start":{"line":230,"column":6},"end":{"line":230,"column":60}},"120":{"start":{"line":231,"column":6},"end":{"line":231,"column":26}},"121":{"start":{"line":233,"column":6},"end":{"line":309,"column":8}},"122":{"start":{"line":234,"column":8},"end":{"line":308,"column":9}},"123":{"start":{"line":235,"column":10},"end":{"line":235,"column":64}},"124":{"start":{"line":236,"column":10},"end":{"line":236,"column":30}},"125":{"start":{"line":238,"column":10},"end":{"line":307,"column":12}},"126":{"start":{"line":239,"column":12},"end":{"line":306,"column":13}},"127":{"start":{"line":240,"column":14},"end":{"line":240,"column":68}},"128":{"start":{"line":241,"column":14},"end":{"line":241,"column":34}},"129":{"start":{"line":243,"column":14},"end":{"line":243,"column":88}},"130":{"start":{"line":244,"column":29},"end":{"line":244,"column":44}},"131":{"start":{"line":245,"column":14},"end":{"line":303,"column":15}},"132":{"start":{"line":246,"column":16},"end":{"line":246,"column":51}},"133":{"start":{"line":247,"column":16},"end":{"line":262,"column":17}},"134":{"start":{"line":254,"column":20},"end":{"line":260,"column":21}},"135":{"start":{"line":255,"column":22},"end":{"line":255,"column":76}},"136":{"start":{"line":256,"column":22},"end":{"line":256,"column":42}},"137":{"start":{"line":258,"column":22},"end":{"line":258,"column":52}},"138":{"start":{"line":259,"column":22},"end":
[...]
nymous_17)","decl":{"start":{"line":92,"column":16},"end":{"line":92,"column":17}},"loc":{"start":{"line":92,"column":36},"end":{"line":111,"column":7}},"line":92},"18":{"name":"(anonymous_18)","decl":{"start":{"line":113,"column":39},"end":{"line":113,"column":40}},"loc":{"start":{"line":113,"column":54},"end":{"line":149,"column":7}},"line":113},"19":{"name":"(anonymous_19)","decl":{"start":{"line":139,"column":27},"end":{"line":139,"column":28}},"loc":{"start":{"line":139,"column":42},"end":{"line":147,"column":11}},"line":139},"20":{"name":"(anonymous_20)","decl":{"start":{"line":155,"column":60},"end":{"line":155,"column":61}},"loc":{"start":{"line":155,"column":74},"end":{"line":164,"column":1}},"line":155},"21":{"name":"(anonymous_21)","decl":{"start":{"line":156,"column":35},"end":{"line":156,"column":36}},"loc":{"start":{"line":156,"column":55},"end":{"line":163,"column":3}},"line":156},"22":{"name":"(anonymous_22)","decl":{"start":{"line":167,"column":60},"end":{"line":167,"column":61}},"loc":{"start":{"line":167,"column":74},"end":{"line":184,"column":1}},"line":167},"23":{"name":"(anonymous_23)","decl":{"start":{"line":169,"column":12},"end":{"line":169,"column":13}},"loc":{"start":{"line":169,"column":25},"end":{"line":179,"column":7}},"line":169},"24":{"name":"(anonymous_24)","decl":{"start":{"line":171,"column":20},"end":{"line":171,"column":21}},"loc":{"start":{"line":171,"column":26},"end":{"line":174,"column":15}},"line":171},"25":{"name":"(anonymous_25)","decl":{"start":{"line":175,"column":21},"end":{"line":175,"column":22}},"loc":{"start":{"line":175,"column":32},"end":{"line":178,"column":15}},"line":175},"26":{"name":"(anonymous_26)","decl":{"start":{"line":180,"column":13},"end":{"line":180,"column":14}},"loc":{"start":{"line":180,"column":24},"end":{"line":183,"column":7}},"line":180},"27":{"name":"(anonymous_27)","decl":{"start":{"line":187,"column":52},"end":{"line":187,"column":53}},"loc":{"start":{"line":187,"column":66},"end":{"line":196,"column":1}},"line":187},"28":{"name":"(anonymous_28)","decl":{"start":{"line":188,"column":35},"end":{"line":188,"column":36}},"loc":{"start":{"line":188,"column":55},"end":{"line":195,"column":3}},"line":188},"29":{"name":"(anonymous_29)","decl":{"start":{"line":199,"column":52},"end":{"line":199,"column":53}},"loc":{"start":{"line":199,"column":66},"end":{"line":217,"column":1}},"line":199},"30":{"name":"(anonymous_30)","decl":{"start":{"line":200,"column":35},"end":{"line":200,"column":36}},"loc":{"start":{"line":200,"column":55},"end":{"line":216,"column":3}},"line":200},"31":{"name":"(anonymous_31)","decl":{"start":{"line":205,"column":44},"end":{"line":205,"column":45}},"loc":{"start":{"line":205,"column":58},"end":{"line":205,"column":87}},"line":205},"32":{"name":"(anonymous_32)","decl":{"start":{"line":220,"column":55},"end":{"line":220,"column":56}},"loc":{"start":{"line":220,"column":69},"end":{"line":229,"column":1}},"line":220},"33":{"name":"(anonymous_33)","decl":{"start":{"line":221,"column":35},"end":{"line":221,"column":36}},"loc":{"start":{"line":221,"column":55},"end":{"line":228,"column":3}},"line":221},"34":{"name":"(anonymous_34)","decl":{"start":{"line":232,"column":64},"end":{"line":232,"column":65}},"loc":{"start":{"line":232,"column":78},"end":{"line":244,"column":1}},"line":232},"35":{"name":"(anonymous_35)","decl":{"start":{"line":233,"column":35},"end":{"line":233,"column":36}},"loc":{"start":{"line":233,"column":55},"end":{"line":243,"column":3}},"line":233},"36":{"name":"(anonymous_36)","decl":{"start":{"line":247,"column":54},"end":{"line":247,"column":55}},"loc":{"start":{"line":247,"column":68},"end":{"line":256,"column":1}},"line":247},"37":{"name":"(anonymous_37)","decl":{"start":{"line":248,"column":35},"end":{"line":248,"column":36}},"loc":{"start":{"line":248,"column":55},"end":{"line":255,"column":3}},"line":248},"38":{"name":"(anonymous_38)","decl":{"start":{"line":259,"column":54},"end":{"line":259,"column":55}},"loc":{"start":{"line":259,"column":68},"end":{"line":277,"column":1}},"line":259},"39":{"name":"(anonymous_39)","decl":{"start":{"line":260,"column":35},"end":{"line":260,"column":36}},"loc":{"start":{"line":260,"column":55},"end":{"line":276,"column":3}},"line":260},"40":{"name":"(anonymous_40)","decl":{"start":{"line":265,"column":45},"end":{"line":265,"column":46}},"loc":{"start":{"line":265,"column":54},"end":{"line":265,"column":73}},"line":265},"41":{"name":"(anonymous_41)","decl":{"start":{"line":280,"column":57},"end":{"line":280,"column":58}},"loc":{"start":{"line":280,"column":71},"end":{"line":289,"column":1}},"line":280},"42":{"name":"(anonymous_42)","decl":{"start":{"line":281,"column":35},"end":{"line":281,"column":36}},"loc":{"start":{"line":281,"column":55},"end":{"line":288,"column":3}},"line":281},"43":{"name":"(anonymous_43)","decl":{"start":{"line":292,"column":68},"end":{"line":292,"column":69}},"loc":{"start":{"line":292,"column":82},"end":{"line":304,"column":1}},"line":292},"44":{"name":"(anonymous_44)","decl":{"start":{"line":293,"column":35},"end":{"line":293,"column":36}},"loc":{"start":{"line":293,"column":55},"end":{"line":303,"column":3}},"line":293},"45":{"name":"(anonymous_45)","decl":{"start":{"line":307,"column":52},"end":{"line":307,"column":53}},"loc":{"start":{"line":307,"column":66},"end":{"line":316,"column":1}},"line":307},"46":{"name":"(anonymous_46)","decl":{"start":{"line":308,"column":35},"end":{"line":308,"column":36}},"loc":{"start":{"line":308,"column":55},"end":{"line":315,"column":3}},"line":308},"47":{"name":"(anonymous_47)","decl":{"start":{"line":319,"column":52},"end":{"line":319,"column":53}},"loc":{"start":{"line":319,"column":66},"end":{"line":337,"column":1}},"line":319},"48":{"name":"(anonymous_48)","decl":{"start":{"line":320,"column":35},"end":{"line":320,"column":36}},"loc":{"start":{"line":320,"column":55},"end":{"line":336,"column":3}},"line":320},"49":{"name":"(anonymous_49)","decl":{"start":{"line":325,"column":39},"end":{"line":325,"column":40}},"loc":{"start":{"line":325,"column":46},"end":{"line":325,"column":63}},"line":325},"50":{"name":"(anonymous_50)","decl":{"start":{"line":340,"column":55},"end":{"line":340,"column":56}},"loc":{"start":{"line":340,"column":69},"end":{"line":349,"column":1}},"line":340},"51":{"name":"(anonymous_51)","decl":{"start":{"line":341,"column":35},"end":{"line":341,"column":36}},"loc":{"start":{"line":341,"column":55},"end":{"line":348,"column":3}},"line":341},"52":{"name":"(anonymous_52)","decl":{"start":{"line":352,"column":64},"end":{"line":352,"column":65}},"loc":{"start":{"line":352,"column":78},"end":{"line":364,"column":1}},"line":352},"53":{"name":"(anonymous_53)","decl":{"start":{"line":353,"column":35},"end":{"line":353,"column":36}},"loc":{"start":{"line":353,"column":55},"end":{"line":363,"column":3}},"line":353},"54":{"name":"(anonymous_54)","decl":{"start":{"line":367,"column":54},"end":{"line":367,"column":55}},"loc":{"start":{"line":367,"column":68},"end":{"line":378,"column":1}},"line":367},"55":{"name":"(anonymous_55)","decl":{"start":{"line":369,"column":19},"end":{"line":369,"column":20}},"loc":{"start":{"line":369,"column":36},"end":{"line":377,"column":3}},"line":369},"56":{"name":"(anonymous_56)","decl":{"start":{"line":374,"column":32},"end":{"line":374,"column":33}},"loc":{"start":{"line":374,"column":41},"end":{"line":374,"column":83}},"line":374},"57":{"name":"(anonymous_57)","decl":{"start":{"line":374,"column":91},"end":{"line":374,"column":92}},"loc":{"start":{"line":375,"column":8},"end":{"line":375,"column":74}},"line":375},"58":{"name":"(anonymous_58)","decl":{"start":{"line":375,"column":82},"end":{"line":375,"column":83}},"loc":{"start":{"line":375,"column":89},"end":{"line":375,"column":105}},"line":375},"59":{"name":"(anonymous_59)","decl":{"start":{"line":381,"column":58},"end":{"line":381,"column":59}},"loc":{"start":{"line":381,"column":72},"end":{"line":391,"column":1}},"line":381},"60":{"name":"(anonymous_60)","decl":{"start":{"line":382,"column":54},"end":{"line":382,"column":55}},"loc":{"start":{"line":382,"column":69},"end":{"line":390,"column":3}},"line":382},"61":{"name":"(anonymous_61)","decl":{"start":{"line":387,"column":34},"end":{"line":387,"column":35}},"loc":{"start":{"line":387,"column":43},"end":{"line":387,"column":69}},"line":387},"62":{"name":"(anonymous_62)","decl":{"start":{"line":387,"column":77},"end":{"line":387,"column":78}},"loc":{"start":{"line":387,"column":85},"end":{"line":387,"column":96}},"line":387},"63":{"name":"(anonymous_63)","decl":{"start":{"line":388,"column":13},"end":{"line":388,"column":14}},"loc":{"start":{"line":388,"column":21},"end":{"line":388,"column":82}},"line":388},"64":{"name":"(anonymous_64)","decl":{"start":{"line":388,"column":90},"end":{"line":388,"column":91}},"loc":{"start":{"line":388,"column":97},"end":{"line":388,"column":113}},"line":388},"65":{"name":"(anonymous_65)","decl":{"start":{"line":394,"column":41},"end":{"line":394,"column":42}},"loc":{"start":{"line":394,"column":55},"end":{"line":413,"column":1}},"line":394},"66":{"name":"(anonymous_66)","decl":{"start":{"line":395,"column":53},"end":{"line":395,"column":54}},"loc":{"start":{"line":395,"column":76},"end":{"line":412,"column":3}},"line":395},"67":{"name":"(anonymous_67)","decl":{"start":{"line":400,"column":34},"end":{"line":400,"column":35}},"loc":{"start":{"line":400,"column":49},"end":{"line":410,"column":7}},"line":400}},"branchMap":{"0":{"loc":{"start":{"line":36,"column":4},"end":{"line":42,"column":5}},"type":"if","locations":[{"start":{"line":36,"column":4},"end":{"line":42,"column":5}},{"start":{"line":36,"column":4},"end":{"line":42,"column":5}}],"line":36},"1":{"loc":{"start":{"line":50,"column":6},"end":{"line":71,"column":7}},"type":"if","locations":[{"start":{"line":50,"column":6},"end":{"line":71,"column":7}},{"start":{"line":50,"column":6},"end":{"line":71,"column":7}}],"line":50},"2":{"loc":{"start":{"line":78,"column":4},"end":{"line":83,"column":5}},"type":"if","locations":[{"start":{"line":78,"column":4},"end":{"line":83,"column":5}},{"start":{"line":78,"column":4},"end":{"line":83,"column":5}}],"line":78},"3":{"loc":{"start":{"line":90,"column":4},"end":{"line":150,"column":5}},"type":"if","locations":[{"start":{"line":90,"column":4},"end":{"line":150,"column":5}},{"start":{"line":90,"column":4},"end":{"line":150,"column":5}}],"line":90},"4":{"loc":{"start":{"line":93,"column":8},"end":{"line":110,"column":9}},"type":"if","locations":[{"start":{"line":93,"column":8},"end":{"line":110,"column":9}},{"start":{"line":93,"column":8},"end":{"line":110,"column":9}}],"line":93},"5":{"loc":{"start":{"line":97,"column":10},"end":{"line":109,"column":11}},"type":"if","locations":[{"start":{"line":97,"column":10},"end":{"line":109,"column":11}},{"start":{"line":97,"column":10},"end":{"line":109,"column":11}}],"line":97},"6":{"loc":{"start":{"line":97,"column":13},"end":{"line":97,"column":64}},"type":"binary-expr","locations":[{"start":{"line":97,"column":13},"end":{"line":97,"column":26}},{"start":{"line":97,"column":30},"end":{"line":97,"column":64}}],"line":97},"7":{"loc":{"start":{"line":114,"column":8},"end":{"line":148,"column":9}},"type":"if","locations":[{"start":{"line":114,"column":8},"end":{"line":148,"column":9}},{"start":{"line":114,"column":8},"end":{"line":148,"column":9}}],"line":114},"8":{"loc":{"start":{"line":119,"column":12},"end":{"line":138,"column":13}},"type":"if","locations":[{"start":{"line":119,"column":12},"end":{"line":138,"column":13}},{"start":{"line":119,"column":12},"end":{"line":138,"column":13}}],"line":119},"9":{"loc":{"start":{"line":127,"column":14},"end":{"line":129,"column":15}},"type":"if","locations":[{"start":{"line":127,"column":14},"end":{"line":129,"column":15}},{"start":{"line":127,"column":14},"end":{"line":129,"column":15}}],"line":127},"10":{"loc":{"start":{"line":127,"column":18},"end":{"line":127,"column":101}},"type":"binary-expr","locations":[{"start":{"line":127,"column":19},"end":{"line":127,"column":44}},{"start":{"line":127,"column":49},"end":{"line":127,"column":101}}],"line":127},"11":{"loc":{"start":{"line":140,"column":12},"end":{"line":146,"column":13}},"type":"if","locations":[{"start":{"line":140,"column":12},"end":{"line":146,"column":13}},{"start":{"line":140,"column":12},"end":{"line":146,"column":13}}],"line":140},"12":{"loc":{"start":{"line":157,"column":4},"end":{"line":162,"column":5}},"type":"if","locations":[{"start":{"line":157,"column":4},"end":{"line":162,"column":5}},{"start":{"line":157,"column":4},"end":{"line":162,"column":5}}],"line":157},"13":{"loc":{"start":{"line":189,"column":4},"end":{"line":194,"column":5}},"type":"if","locations":[{"start":{"line":189,"column":4},"end":{"line":194,"column":5}},{"start":{"line":189,"column":4},"end":{"line":194,"column":5}}],"line":189},"14":{"loc":{"start":{"line":201,"column":4},"end":{"line":215,"column":5}},"type":"if","locations":[{"start":{"line":201,"column":4},"end":{"line":215,"column":5}},{"start":{"line":201,"column":4},"end":{"line":215,"column":5}}],"line":201},"15":{"loc":{"start":{"line":206,"column":6},"end":{"line":214,"column":7}},"type":"if","locations":[{"start":{"line":206,"column":6},"end":{"line":214,"column":7}},{"start":{"line":206,"column":6},"end":{"line":214,"column":7}}],"line":206},"16":{"loc":{"start":{"line":222,"column":4},"end":{"line":227,"column":5}},"type":"if","locations":[{"start":{"line":222,"column":4},"end":{"line":227,"column":5}},{"start":{"line":222,"column":4},"end":{"line":227,"column":5}}],"line":222},"17":{"loc":{"start":{"line":234,"column":4},"end":{"line":242,"column":5}},"type":"if","locations":[{"start":{"line":234,"column":4},"end":{"line":242,"column":5}},{"start":{"line":234,"column":4},"end":{"line":242,"column":5}}],"line":234},"18":{"loc":{"start":{"line":249,"column":4},"end":{"line":254,"column":5}},"type":"if","locations":[{"start":{"line":249,"column":4},"end":{"line":254,"column":5}},{"start":{"line":249,"column":4},"end":{"line":254,"column":5}}],"line":249},"19":{"loc":{"start":{"line":261,"column":4},"end":{"line":275,"column":5}},"type":"if","locations":[{"start":{"line":261,"column":4},"end":{"line":275,"column":5}},{"start":{"line":261,"column":4},"end":{"line":275,"column":5}}],"line":261},"20":{"loc":{"start":{"line":266,"column":6},"end":{"line":274,"column":7}},"type":"if","locations":[{"start":{"line":266,"column":6},"end":{"line":274,"column":7}},{"start":{"line":266,"column":6},"end":{"line":274,"column":7}}],"line":266},"21":{"loc":{"start":{"line":282,"column":4},"end":{"line":287,"column":5}},"type":"if","locations":[{"start":{"line":282,"column":4},"end":{"line":287,"column":5}},{"start":{"line":282,"column":4},"end":{"line":287,"column":5}}],"line":282},"22":{"loc":{"start":{"line":294,"column":4},"end":{"line":302,"column":5}},"type":"if","locations":[{"start":{"line":294,"column":4},"end":{"line":302,"column":5}},{"start":{"line":294,"column":4},"end":{"line":302,"column":5}}],"line":294},"23":{"loc":{"start":{"line":309,"column":4},"end":{"line":314,"column":5}},"type":"if","locations":[{"start":{"line":309,"column":4},"end":{"line":314,"column":5}},{"start":{"line":309,"column":4},"end":{"line":314,"column":5}}],"line":309},"24":{"loc":{"start":{"line":321,"column":4},"end":{"line":335,"column":5}},"type":"if","locations":[{"start":{"line":321,"column":4},"end":{"line":335,"column":5}},{"start":{"line":321,"column":4},"end":{"line":335,"column":5}}],"line":321},"25":{"loc":{"start":{"line":326,"column":6},"end":{"line":334,"column":7}},"type":"if","locations":[{"start":{"line":326,"column":6},"end":{"line":334,"column":7}},{"start":{"line":326,"column":6},"end":{"line":334,"column":7}}],"line":326},"26":{"loc":{"start":{"line":342,"column":4},"end":{"line":347,"column":5}},"type":"if","locations":[{"start":{"line":342,"column":4},"end":{"line":347,"column":5}},{"start":{"line":342,"column":4},"end":{"line":347,"column":5}}],"line":342},"27":{"loc":{"start":{"line":354,"column":4},"end":{"line":362,"column":5}},"type":"if","locations":[{"start":{"line":354,"column":4},"end":{"line":362,"column":5}},{"start":{"line":354,"column":4},"end":{"line":362,"column":5}}],"line":354},"28":{"loc":{"start":{"line":370,"column":4},"end":{"line":376,"column":5}},"type":"if","locations":[{"start":{"line":370,"column":4},"end":{"line":376,"column":5}},{"start":{"line":370,"column":4},"end":{"line":376,"column":5}}],"line":370},"29":{"loc":{"start":{"line":383,"column":4},"end":{"line":389,"column":5}},"type":"if","locations":[{"start":{"line":383,"column":4},"end":{"line":389,"column":5}},{"start":{"line":383,"column":4},"end":{"line":389,"column":5}}],"line":383},"30":{"loc":{"start":{"line":396,"column":4},"end":{"line":411,"column":5}},"type":"if","locations":[{"start":{"line":396,"column":4},"end":{"line":411,"column":5}},{"start":{"line":396,"column":4},"end":{"line":411,"column":5}}],"line":396},"31":{"loc":{"start":{"line":401,"column":8},"end":{"line":409,"column":9}},"type":"if","locations":[{"start":{"line":401,"column":8},"end":{"line":409,"column":9}},{"start":{"line":401,"column":8},"end":{"line":409,"column":9}}],"line":401}},"s":{"0":1,"1":1,"2":1,"3":1,"4":1,"5":1,"6":1,"7":1,"8":1,"9":1,"10":1,"11":1,"12":0,"13":1,"14":0,"15":1,"16":0,"17":0,"18":0,"19":0,"20":0,"21":0,"22":1,"23":0,"24":0,"25":0,"26":0,"27":0,"28":0,"29":0,"30":0,"31":0,"32":0,"33":0,"34":0,"35":0,"36":0,"37":0,"38":0,"39":0,"40":0,"41":0,"42":0,"43":0,"44":0,"45":1,"46":0,"47":0,"48":0,"49":0,"50":0,"51":1,"52":0,"53":0,"54":0,"55":0,"56":0,"57":0,"58":0,"59":0,"60":0,"61":0,"62":0,"63":0,"64":0,"65":0,"66":0,"67":0,"68":0,"69":0,"70":0,"71":0,"72":0,"73":0,"74":0,"75":0,"76":0,"77":1,"78":0,"79":0,"80":0,"81":0,"82":0,"83":1,"84":0,"85":0,"86":0,"87":0,"88":0,"89":0,"90":0,"91":0,"92":1,"93":0,"94":0,"95":0,"96":0,"97":0,"98":1,"99":0,"100":0,"101":0,"102":0,"103":0,"104":0,"105":0,"106":0,"107":0,"108":0,"109":0,"110":0,"111":0,"112":1,"113":0,"114":0,"115":0,"116":0,"117":0,"118":1,"119":0,"120":0,"121":0,"122":0,"123":0,"124":0,"125":0,"126":0,"127":1,"128":0,"129":0,"130":0,"131":0,"132":0,"133":1,"134":0,"135":0,"136":0,"137":0,"138":0,"139":0,"140":0,"141":0,"142":0,"143":0,"144":0,"145":0,"146":0,"147":1,"148":0,"149":0,"150":0,"151":0,"152":0,"153":1,"154":0,"155":0,"156":0,"157":0,"158":0,"159":0,"160":0,"161":0,"162":1,"163":0,"164":0,"165":0,"166":0,"167":0,"168":1,"169":0,"170":0,"171":0,"172":0,"173":0,"174":0,"175":0,"176":0,"177":0,"178":0,"179":0,"180":0,"181":0,"182":1,"183":0,"184":0,"185":0,"186":0,"187":0,"188":1,"189":0,"190":0,"191":0,"192":0,"193":0,"194":0,"195":0,"196":0,"197":1,"198":3,"199":3,"200":3,"201":0,"202":0,"203":3,"204":6,"205":3,"206":0,"207":1,"208":0,"209":0,"210":0,"211":0,"212":0,"213":0,"214":0,"215":0,"216":0,"217":1,"218":0,"219":0,"220":0,"221":0,"222":0,"223":0,"224":0,"225":0,"226":0,"227":0,"228":0,"229":0,"230":1},"f":{"0":0,"1":0,"2":0,"3":0,"4":0,"5":0,"6":0,"7":0,"8":0,"9":0,"10":0,"11":0,"12":0,"13":0,"14":0,"15":0,"16":0,"17":0,"18":0,"19":0,"20":0,"21":0,"22":0,"23":0,"24":0,"25":0,"26":0,"27":0,"28":0,"29":0,"30":0,"31":0,"32":0,"33":0,"34":0,"35":0,"36":0,"37":0,"38":0,"39":0,"40":0,"41":0,"42":0,"43":0,"44":0,"45":0,"46":0,"47":0,"48":0,"49":0,"50":0,"51":0,"52":0,"53":0,"54":3,"55":3,"56":6,"57":3,"58":0,"59":0,"60":0,"61":0,"62":0,"63":0,"64":0,"65":0,"66":0,"67":0},"b":{"0":[0,0],"1":[0,0],"2":[0,0],"3":[0,0],"4":[0,0],"5":[0,0],"6":[0,0],"7":[0,0],"8":[0,0],"9":[0,0],"10":[0,0],"11":[0,0],"12":[0,0],"13":[0,0],"14":[0,0],"15":[0,0],"16":[0,0],"17":[0,0],"18":[0,0],"19":[0,0],"20":[0,0],"21":[0,0],"22":[0,0],"23":[0,0],"24":[0,0],"25":[0,0],"26":[0,0],"27":[0,0],"28":[0,3],"29":[0,0],"30":[0,0],"31":[0,0]},"_coverageSchema":"1a1c01bbd47fc00a2c39e90264f33305004495a9","hash":"4b6f801794c7915c394d2f8076d69cc55729fd9b","contentHash":"e358d1492800b79534de781e589ace6891531aee35f749e1caf8933b84149105"}}